<?xml version="1.0" encoding="UTF-8"?>
<testsuite name="phan.recipesite.controller.RecipeControllerTest" tests="9" skipped="0" failures="0" errors="0" timestamp="2018-08-08T21:06:34" hostname="Munni-PC" time="1.042">
  <properties/>
  <testcase name="recipesByCategory_ShouldReturnRecipesWithGivenCategory" classname="phan.recipesite.controller.RecipeControllerTest" time="0.737"/>
  <testcase name="formNewRecipe_ShouldReturnEditForm" classname="phan.recipesite.controller.RecipeControllerTest" time="0.026"/>
  <testcase name="editRecipe_ShouldIncludeRecipeInModel" classname="phan.recipesite.controller.RecipeControllerTest" time="0.047"/>
  <testcase name="favorite_ShouldRedirectToReferer" classname="phan.recipesite.controller.RecipeControllerTest" time="0.025"/>
  <testcase name="deleteRecipe_ShouldRedirectToIndex" classname="phan.recipesite.controller.RecipeControllerTest" time="0.127"/>
  <testcase name="search_ShouldReturnRecipesWithGivenSearchTerm" classname="phan.recipesite.controller.RecipeControllerTest" time="0.018"/>
  <testcase name="recipeImage_ShouldReturnImageBytes" classname="phan.recipesite.controller.RecipeControllerTest" time="0.018"/>
  <testcase name="recipeDetails_ShouldReturnRecipeDetailsPage" classname="phan.recipesite.controller.RecipeControllerTest" time="0.02"/>
  <testcase name="index_ShouldIncludeRecipesInModel" classname="phan.recipesite.controller.RecipeControllerTest" time="0.019"/>
  <system-out><![CDATA[14:06:34.433 [Test worker] DEBUG org.springframework.core.env.StandardEnvironment - Adding PropertySource 'systemProperties' with lowest search precedence
14:06:34.437 [Test worker] DEBUG org.springframework.core.env.StandardEnvironment - Adding PropertySource 'systemEnvironment' with lowest search precedence
14:06:34.438 [Test worker] DEBUG org.springframework.core.env.StandardEnvironment - Initialized StandardEnvironment with PropertySources [MapPropertySource@336517681 {name='systemProperties', properties={java.runtime.name=Java(TM) SE Runtime Environment, sun.boot.library.path=C:\Program Files\Java\jdk1.8.0_161\jre\bin, java.vm.version=25.161-b12, java.vm.vendor=Oracle Corporation, java.vendor.url=http://java.oracle.com/, path.separator=;, java.vm.name=Java HotSpot(TM) 64-Bit Server VM, file.encoding.pkg=sun.io, user.script=, sun.java.launcher=SUN_STANDARD, user.country=US, sun.os.patch.level=, java.vm.specification.name=Java Virtual Machine Specification, user.dir=C:\Users\Munni\Documents\Recipe-Site, java.runtime.version=1.8.0_161-b12, java.awt.graphicsenv=sun.awt.Win32GraphicsEnvironment, java.endorsed.dirs=C:\Program Files\Java\jdk1.8.0_161\jre\lib\endorsed, os.arch=amd64, java.io.tmpdir=C:\Users\Munni\AppData\Local\Temp\, line.separator=
, java.vm.specification.vendor=Oracle Corporation, user.variant=, os.name=Windows 10, sun.jnu.encoding=Cp1252, java.library.path=C:\Program Files\Java\jdk1.8.0_161\bin;C:\WINDOWS\Sun\Java\bin;C:\WINDOWS\system32;C:\WINDOWS;C:\Program Files (x86)\Intel\Intel(R) Management Engine Components\iCLS\;C:\Program Files\Intel\Intel(R) Management Engine Components\iCLS\;C:\app\Munni\product\12.1.0\dbhome_3\bin;C:\app\Munni\product\12.1.0\dbhome_2\bin;C:\app\Munni\product\12.1.0\dbhome_1\bin;C:\Program Files\ImageMagick-7.0.3-Q16;C:\ProgramData\Oracle\Java\javapath;C:\WINDOWS\system32;C:\WINDOWS;C:\WINDOWS\System32\Wbem;C:\WINDOWS\System32\WindowsPowerShell\v1.0\;C:\Program Files (x86)\NVIDIA Corporation\PhysX\Common;C:\Python27;C:\WINDOWS\system32;C:\WINDOWS;C:\WINDOWS\System32\Wbem;C:\WINDOWS\System32\WindowsPowerShell\v1.0\;C:\PostgreSQL\pg96\bin;C:\Program Files\Java\jdk-9\bin;C:\WINDOWS\System32\OpenSSH\;C:\Program Files (x86)\Intel\Intel(R) Management Engine Components\DAL;C:\Program Files\Intel\Intel(R) Management Engine Components\DAL;C:\Program Files (x86)\Intel\Intel(R) Management Engine Components\IPT;C:\Program Files\Intel\Intel(R) Management Engine Components\IPT;C:\Program Files\Microsoft VS Code\bin;C:\Program Files\Java\jdk1.8.0_161\bin;C:\Program Files\Git\cmd;C:\Users\Munni\AppData\Local\Programs\Python\Python36\Scripts\;C:\Users\Munni\AppData\Local\Programs\Python\Python36\;C:\Program Files\Java\jdk-9\bin;C:\Users\Munni\AppData\Local\Microsoft\WindowsApps;C:\Users\Munni\AppData\Local\atom\bin;C:\Program Files\MySQL\MySQL Server 8.0\bin;C:\Program Files\Microsoft VS Code\bin;C:\Users\Munni\AppData\Local\Microsoft\WindowsApps;C:\Users\Munni\AppData\Local\GitHubDesktop\bin;C:\SQLite3;C:\Program Files\heroku\bin;., java.specification.name=Java Platform API Specification, java.class.version=52.0, org.gradle.native=false, sun.management.compiler=HotSpot 64-Bit Tiered Compilers, os.version=10.0, user.home=C:\Users\Munni, user.timezone=America/Los_Angeles, java.awt.printerjob=sun.awt.windows.WPrinterJob, file.encoding=windows-1252, java.specification.version=1.8, java.class.path=C:\Users\Munni\Documents\Recipe-Site\build\classes\java\test;C:\Users\Munni\Documents\Recipe-Site\build\resources\test;C:\Users\Munni\Documents\Recipe-Site\build\classes\java\main;C:\Users\Munni\Documents\Recipe-Site\build\resources\main;C:\Users\Munni\.gradle\caches\modules-2\files-2.1\org.springframework.boot\spring-boot-starter-thymeleaf\2.0.0.RELEASE\3f77dc6b3bfa8e9cc9e0eaa9abc32c5b00b5046a\spring-boot-starter-thymeleaf-2.0.0.RELEASE.jar;C:\Users\Munni\.gradle\caches\modules-2\files-2.1\org.springframework.boot\spring-boot-starter-data-jpa\2.0.0.RELEASE\cc7bc2df046149870255d22367f8f7276eb82e98\spring-boot-starter-data-jpa-2.0.0.RELEASE.jar;C:\Users\Munni\.gradle\caches\modules-2\files-2.1\org.springframework.boot\spring-boot-starter-data-rest\2.0.0.RELEASE\ebf929e1d4ba783f3e32459fe8d29cb61ddbb92\spring-boot-starter-data-rest-2.0.0.RELEASE.jar;C:\Users\Munni\.gradle\caches\modules-2\files-2.1\org.springframework.boot\spring-boot-starter-web\2.0.0.RELEASE\fcb2a9e18f98382e626935841f85ed44d7153615\spring-boot-starter-web-2.0.0.RELEASE.jar;C:\Users\Munni\.gradle\caches\modules-2\files-2.1\org.springframework.boot\spring-boot-starter-security\2.0.0.RELEASE\393ab221bc9aba9c5c59808115177dc5cfaf1b4c\spring-boot-starter-security-2.0.0.RELEASE.jar;C:\Users\Munni\.gradle\caches\modules-2\files-2.1\org.springframework.boot\spring-boot-starter-validation\2.0.0.RELEASE\374cd2dd14d91bb8025c4208998177ad2d733f90\spring-boot-starter-validation-2.0.0.RELEASE.jar;C:\Users\Munni\.gradle\caches\modules-2\files-2.1\org.springframework.data\spring-data-jpa\2.0.5.RELEASE\51b2e315174e32b4c8a4841a147002555add076c\spring-data-jpa-2.0.5.RELEASE.jar;C:\Users\Munni\.gradle\caches\modules-2\files-2.1\org.springframework\spring-orm\5.0.4.RELEASE\dc83e08ecdb4ab28339f87358b53d75b4a8d1b9\spring-orm-5.0.4.RELEASE.jar;C:\Users\Munni\.gradle\caches\modules-2\files-2.1\org.thymeleaf.extras\thymeleaf-extras-springsecurity4\3.0.2.RELEASE\ef051e8a72074063ca587bef9ee397a1ebe0cdcd\thymeleaf-extras-springsecurity4-3.0.2.RELEASE.jar;C:\Users\Munni\.gradle\caches\modules-2\files-2.1\org.hibernate\hibernate-entitymanager\5.2.13.Final\cdef4ec0e1c9739942fbd16bb6b355d5fb804fba\hibernate-entitymanager-5.2.13.Final.jar;C:\Users\Munni\.gradle\caches\modules-2\files-2.1\org.hibernate\hibernate-core\5.2.13.Final\830492a74b3013ef75135ea4120b2ac23fa7ad9f\hibernate-core-5.2.13.Final.jar;C:\Users\Munni\.gradle\caches\modules-2\files-2.1\org.hibernate\hibernate-validator\5.4.0.Final\2076cbd5719e4182a75ab32e7186deb0ca5ac376\hibernate-validator-5.4.0.Final.jar;C:\Users\Munni\.gradle\caches\modules-2\files-2.1\org.apache.tomcat\tomcat-dbcp\9.0.6\d6e385df7dda76ef30da7b92e36d349aa6a3cc9d\tomcat-dbcp-9.0.6.jar;C:\Users\Munni\.gradle\caches\modules-2\files-2.1\mysql\mysql-connector-java\8.0.11\2c3d25fe1dfdd6496e0bbe47d67809f67487cfba\mysql-connector-java-8.0.11.jar;C:\Users\Munni\.gradle\caches\modules-2\files-2.1\com.h2database\h2\1.4.196\dd0034398d593aa3588c6773faac429bbd9aea0e\h2-1.4.196.jar;C:\Users\Munni\.gradle\caches\modules-2\files-2.1\javax.xml.bind\jaxb-api\2.3.0\99f802e0cb3e953ba3d6e698795c4aeb98d37c48\jaxb-api-2.3.0.jar;C:\Users\Munni\.gradle\caches\modules-2\files-2.1\javax.activation\activation\1.1.1\485de3a253e23f645037828c07f1d7f1af40763a\activation-1.1.1.jar;C:\Users\Munni\.gradle\caches\modules-2\files-2.1\org.hibernate.validator\hibernate-validator\6.0.7.Final\8b9d9c7ec8c73963ea0fe81912fc67711a4ef76\hibernate-validator-6.0.7.Final.jar;C:\Users\Munni\.gradle\caches\modules-2\files-2.1\javax.validation\validation-api\2.0.1.Final\cb855558e6271b1b32e716d24cb85c7f583ce09e\validation-api-2.0.1.Final.jar;C:\Users\Munni\.gradle\caches\modules-2\files-2.1\org.dbunit\dbunit\2.5.0\fd9e26e8c2c54770840daf448ce684938becc732\dbunit-2.5.0.jar;C:\Users\Munni\.gradle\caches\modules-2\files-2.1\org.springframework.boot\spring-boot-starter-test\2.0.0.RELEASE\4ff0e1d9bd315a4a5867e9c6128691cac8b37348\spring-boot-starter-test-2.0.0.RELEASE.jar;C:\Users\Munni\.gradle\caches\modules-2\files-2.1\org.springframework.security\spring-security-test\5.0.0.RELEASE\8d9115695113f16a6fd8a2fdb2a185a3c8c2c5b7\spring-security-test-5.0.0.RELEASE.jar;C:\Users\Munni\.gradle\caches\modules-2\files-2.1\com.github.springtestdbunit\spring-test-dbunit\1.2.1\c566b9a055475347b3eafe8c772e1c47bb648860\spring-test-dbunit-1.2.1.jar;C:\Users\Munni\.gradle\caches\modules-2\files-2.1\junit\junit\4.12\2973d150c0dc1fefe998f834810d68f278ea58ec\junit-4.12.jar;C:\Users\Munni\.gradle\caches\modules-2\files-2.1\org.springframework.boot\spring-boot-starter-aop\2.0.0.RELEASE\9afd572ca8de272e6d919d914db5c73cd7d06ea2\spring-boot-starter-aop-2.0.0.RELEASE.jar;C:\Users\Munni\.gradle\caches\modules-2\files-2.1\org.springframework.boot\spring-boot-starter-jdbc\2.0.0.RELEASE\bfe586f729ed86a421a79ac1b18d4e05acd25d68\spring-boot-starter-jdbc-2.0.0.RELEASE.jar;C:\Users\Munni\.gradle\caches\modules-2\files-2.1\org.springframework.boot\spring-boot-starter-json\2.0.0.RELEASE\5a09c939d8bd60d7f163c1c0c20a3127ba9fffa\spring-boot-starter-json-2.0.0.RELEASE.jar;C:\Users\Munni\.gradle\caches\modules-2\files-2.1\org.springframework.boot\spring-boot-starter\2.0.0.RELEASE\6d7d8e4bf053cd1833f3c7dbce676bc274f0892f\spring-boot-starter-2.0.0.RELEASE.jar;C:\Users\Munni\.gradle\caches\modules-2\files-2.1\org.thymeleaf\thymeleaf-spring5\3.0.9.RELEASE\abf84efd83808a70d982d2790f7f3a7bd3a39cf4\thymeleaf-spring5-3.0.9.RELEASE.jar;C:\Users\Munni\.gradle\caches\modules-2\files-2.1\org.thymeleaf.extras\thymeleaf-extras-java8time\3.0.1.RELEASE\d23760d1e53cd70c489ef40dc94ee6bd2371cceb\thymeleaf-extras-java8time-3.0.1.RELEASE.jar;C:\Users\Munni\.gradle\caches\modules-2\files-2.1\javax.transaction\javax.transaction-api\1.2\d81aff979d603edd90dcd8db2abc1f4ce6479e3e\javax.transaction-api-1.2.jar;C:\Users\Munni\.gradle\caches\modules-2\files-2.1\org.springframework\spring-aspects\5.0.4.RELEASE\454ee13fc4f439065572dd526e81c699d1d61e3e\spring-aspects-5.0.4.RELEASE.jar;C:\Users\Munni\.gradle\caches\modules-2\files-2.1\org.springframework.data\spring-data-rest-webmvc\3.0.5.RELEASE\760f62765b03fbbc402ae8910da28dc336f02e7d\spring-data-rest-webmvc-3.0.5.RELEASE.jar;C:\Users\Munni\.gradle\caches\modules-2\files-2.1\org.springframework.boot\spring-boot-starter-tomcat\2.0.0.RELEASE\908bc9de1a7cfa857edf44182d426f6e0d8a3008\spring-boot-starter-tomcat-2.0.0.RELEASE.jar;C:\Users\Munni\.gradle\caches\modules-2\files-2.1\org.springframework.data\spring-data-rest-core\3.0.5.RELEASE\3e806c4587efe30303585c48e40d6cd08092aced\spring-data-rest-core-3.0.5.RELEASE.jar;C:\Users\Munni\.gradle\caches\modules-2\files-2.1\org.springframework.hateoas\spring-hateoas\0.24.0.RELEASE\b6401a781a58e0b2ab95242a553683e04300fe69\spring-hateoas-0.24.0.RELEASE.jar;C:\Users\Munni\.gradle\caches\modules-2\files-2.1\org.springframework\spring-webmvc\5.0.4.RELEASE\addcf1caa22613c474bd6dde8c7134fef940b1f0\spring-webmvc-5.0.4.RELEASE.jar;C:\Users\Munni\.gradle\caches\modules-2\files-2.1\org.springframework.security\spring-security-web\5.0.3.RELEASE\1c688054bfe015bcd067426f5ad77c01dd6486ac\spring-security-web-5.0.3.RELEASE.jar;C:\Users\Munni\.gradle\caches\modules-2\files-2.1\org.springframework\spring-web\5.0.4.RELEASE\9565bbc67bf1a850a6505deaa5103931712a7b80\spring-web-5.0.4.RELEASE.jar;C:\Users\Munni\.gradle\caches\modules-2\files-2.1\org.springframework.security\spring-security-config\5.0.3.RELEASE\6581e8c83eb5a08e1578fdd3093fd096e81e82ba\spring-security-config-5.0.3.RELEASE.jar;C:\Users\Munni\.gradle\caches\modules-2\files-2.1\org.springframework.security\spring-security-core\5.0.3.RELEASE\6cc79dd1db872ff306a3c9ae9e5c047b649c84e3\spring-security-core-5.0.3.RELEASE.jar;C:\Users\Munni\.gradle\caches\modules-2\files-2.1\org.springframework.boot\spring-boot-test-autoconfigure\2.0.0.RELEASE\db0595321e96929d9473cf061f3408972d03c6aa\spring-boot-test-autoconfigure-2.0.0.RELEASE.jar;C:\Users\Munni\.gradle\caches\modules-2\files-2.1\org.springframework.boot\spring-boot-test\2.0.0.RELEASE\1565e78c2801bd3c7ece0a8ddc08e5ed53676878\spring-boot-test-2.0.0.RELEASE.jar;C:\Users\Munni\.gradle\caches\modules-2\files-2.1\org.springframework.boot\spring-boot-autoconfigure\2.0.0.RELEASE\c89896a469ecf92996ecba40755919896ace5470\spring-boot-autoconfigure-2.0.0.RELEASE.jar;C:\Users\Munni\.gradle\caches\modules-2\files-2.1\org.springframework.boot\spring-boot\2.0.0.RELEASE\771da2071ff14a47f108642a641c204ae4ef7b15\spring-boot-2.0.0.RELEASE.jar;C:\Users\Munni\.gradle\caches\modules-2\files-2.1\org.springframework.plugin\spring-plugin-core\1.2.0.RELEASE\f380e7760032e7d929184f8ad8a33716b75c0657\spring-plugin-core-1.2.0.RELEASE.jar;C:\Users\Munni\.gradle\caches\modules-2\files-2.1\org.springframework\spring-context\5.0.4.RELEASE\3e76d08c851113077642c5704f0f94d5ce58e905\spring-context-5.0.4.RELEASE.jar;C:\Users\Munni\.gradle\caches\modules-2\files-2.1\org.springframework\spring-aop\5.0.4.RELEASE\f8e029e54c0267dadb6b9f713f3feb54ec4f3a0e\spring-aop-5.0.4.RELEASE.jar;C:\Users\Munni\.gradle\caches\modules-2\files-2.1\org.apache.tomcat.embed\tomcat-embed-el\8.5.28\75745598f60646ccf0c4b105468a9c8be9b8432e\tomcat-embed-el-8.5.28.jar;C:\Users\Munni\.gradle\caches\modules-2\files-2.1\org.springframework\spring-jdbc\5.0.4.RELEASE\6b5ac0db11d81d6319ebd0bb253b2f01713df3ab\spring-jdbc-5.0.4.RELEASE.jar;C:\Users\Munni\.gradle\caches\modules-2\files-2.1\org.springframework\spring-tx\5.0.4.RELEASE\7afc193c5d2b812ee6d2ccaf6fcc81fb83bfb4a7\spring-tx-5.0.4.RELEASE.jar;C:\Users\Munni\.gradle\caches\modules-2\files-2.1\org.springframework.data\spring-data-commons\2.0.5.RELEASE\f5357c650f63f3a187d3d4086a9e9132f33851a6\spring-data-commons-2.0.5.RELEASE.jar;C:\Users\Munni\.gradle\caches\modules-2\files-2.1\org.springframework\spring-beans\5.0.4.RELEASE\7a8c3d48d4c33621e64d1399721d8e067450fcbd\spring-beans-5.0.4.RELEASE.jar;C:\Users\Munni\.gradle\caches\modules-2\files-2.1\org.springframework\spring-test\5.0.4.RELEASE\3fc10b6535a113593fa8780951465012a7677e21\spring-test-5.0.4.RELEASE.jar;C:\Users\Munni\.gradle\caches\modules-2\files-2.1\org.springframework\spring-expression\5.0.4.RELEASE\4bda161f2e34c1486f2527a23eb47293567f473c\spring-expression-5.0.4.RELEASE.jar;C:\Users\Munni\.gradle\caches\modules-2\files-2.1\org.springframework\spring-core\5.0.4.RELEASE\2221a957b5561a34f044350ba4e30ef5870254a3\spring-core-5.0.4.RELEASE.jar;C:\Users\Munni\.gradle\caches\modules-2\files-2.1\com.jayway.jsonpath\json-path\2.4.0\765a4401ceb2dc8d40553c2075eb80a8fa35c2ae\json-path-2.4.0.jar;C:\Users\Munni\.gradle\caches\modules-2\files-2.1\org.thymeleaf\thymeleaf\3.0.9.RELEASE\64185cca50ac808ad034841c84b4013f955465d2\thymeleaf-3.0.9.RELEASE.jar;C:\Users\Munni\.gradle\caches\modules-2\files-2.1\com.zaxxer\HikariCP\2.7.8\4a3a604fa2efa89621aa498d04e000b2bed90c39\HikariCP-2.7.8.jar;C:\Users\Munni\.gradle\caches\modules-2\files-2.1\org.springframework.boot\spring-boot-starter-logging\2.0.0.RELEASE\fe939b71659ef1f98a53cce0b5bcf771685cf6a6\spring-boot-starter-logging-2.0.0.RELEASE.jar;C:\Users\Munni\.gradle\caches\modules-2\files-2.1\ch.qos.logback\logback-classic\1.2.3\7c4f3c474fb2c041d8028740440937705ebb473a\logback-classic-1.2.3.jar;C:\Users\Munni\.gradle\caches\modules-2\files-2.1\org.apache.logging.log4j\log4j-to-slf4j\2.10.0\f7e631ccf49cfc0aefa4a2a728da7d374c05bd3c\log4j-to-slf4j-2.10.0.jar;C:\Users\Munni\.gradle\caches\modules-2\files-2.1\org.slf4j\jul-to-slf4j\1.7.25\af5364cd6679bfffb114f0dec8a157aaa283b76\jul-to-slf4j-1.7.25.jar;C:\Users\Munni\.gradle\caches\modules-2\files-2.1\org.slf4j\slf4j-api\1.7.25\da76ca59f6a57ee3102f8f9bd9cee742973efa8a\slf4j-api-1.7.25.jar;C:\Users\Munni\.gradle\caches\modules-2\files-2.1\org.hibernate.common\hibernate-commons-annotations\5.0.1.Final\71e1cff3fcb20d3b3af4f3363c3ddb24d33c6879\hibernate-commons-annotations-5.0.1.Final.jar;C:\Users\Munni\.gradle\caches\modules-2\files-2.1\org.jboss.logging\jboss-logging\3.3.2.Final\3789d00e859632e6c6206adc0c71625559e6e3b0\jboss-logging-3.3.2.Final.jar;C:\Users\Munni\.gradle\caches\modules-2\files-2.1\org.hibernate.javax.persistence\hibernate-jpa-2.1-api\1.0.0.Final\5e731d961297e5a07290bfaf3db1fbc8bbbf405a\hibernate-jpa-2.1-api-1.0.0.Final.jar;C:\Users\Munni\.gradle\caches\modules-2\files-2.1\org.javassist\javassist\3.22.0-GA\3e83394258ae2089be7219b971ec21a8288528ad\javassist-3.22.0-GA.jar;C:\Users\Munni\.gradle\caches\modules-2\files-2.1\antlr\antlr\2.7.7\83cd2cd674a217ade95a4bb83a8a14f351f48bd0\antlr-2.7.7.jar;C:\Users\Munni\.gradle\caches\modules-2\files-2.1\org.jboss.spec.javax.transaction\jboss-transaction-api_1.2_spec\1.0.1.Final\4441f144a2a1f46ed48fcc6b476a4b6295e6d524\jboss-transaction-api_1.2_spec-1.0.1.Final.jar;C:\Users\Munni\.gradle\caches\modules-2\files-2.1\org.jboss\jandex\2.0.3.Final\bfc4d6257dbff7a33a357f0de116be6ff951d849\jandex-2.0.3.Final.jar;C:\Users\Munni\.gradle\caches\modules-2\files-2.1\com.fasterxml\classmate\1.3.4\3d5f48f10bbe4eb7bd862f10c0583be2e0053c6\classmate-1.3.4.jar;C:\Users\Munni\.gradle\caches\modules-2\files-2.1\dom4j\dom4j\1.6.1\5d3ccc056b6f056dbf0dddfdf43894b9065a8f94\dom4j-1.6.1.jar;C:\Users\Munni\.gradle\caches\modules-2\files-2.1\org.mockito\mockito-core\2.15.0\b84bfbbc29cd22c9529409627af6ea2897f4fa85\mockito-core-2.15.0.jar;C:\Users\Munni\.gradle\caches\modules-2\files-2.1\net.bytebuddy\byte-buddy\1.7.10\3c8ec287c0a5bd04b1e3f11723bc46a50346602b\byte-buddy-1.7.10.jar;C:\Users\Munni\.gradle\caches\modules-2\files-2.1\org.apache.tomcat\tomcat-juli\9.0.6\fd3463283f536a239c8893c6b3ad14bfd5edd1a7\tomcat-juli-9.0.6.jar;C:\Users\Munni\.gradle\caches\modules-2\files-2.1\com.google.protobuf\protobuf-java\2.6.0\88ba32feefe385d5dc284b71f649201eabd15778\protobuf-java-2.6.0.jar;C:\Users\Munni\.gradle\caches\modules-2\files-2.1\commons-collections\commons-collections\3.2.1\761ea405b9b37ced573d2df0d1e3a4e0f9edc668\commons-collections-3.2.1.jar;C:\Users\Munni\.gradle\caches\modules-2\files-2.1\org.assertj\assertj-core\3.9.1\c5ce126b15f28d56cd8f960c1a6a058b9c9aea87\assertj-core-3.9.1.jar;C:\Users\Munni\.gradle\caches\modules-2\files-2.1\org.hamcrest\hamcrest-library\1.3\4785a3c21320980282f9f33d0d1264a69040538f\hamcrest-library-1.3.jar;C:\Users\Munni\.gradle\caches\modules-2\files-2.1\org.hamcrest\hamcrest-core\1.3\42a25dc3219429f0e5d060061f71acb49bf010a0\hamcrest-core-1.3.jar;C:\Users\Munni\.gradle\caches\modules-2\files-2.1\org.skyscreamer\jsonassert\1.5.0\6c9d5fe2f59da598d9aefc1cfc6528ff3cf32df3\jsonassert-1.5.0.jar;C:\Users\Munni\.gradle\caches\modules-2\files-2.1\org.xmlunit\xmlunit-core\2.5.1\4ffdb346572a7356f7521cd3119ce5287d2e339d\xmlunit-core-2.5.1.jar;C:\Users\Munni\.gradle\caches\modules-2\files-2.1\javax.annotation\javax.annotation-api\1.3.2\934c04d3cfef185a8008e7bf34331b79730a9d43\javax.annotation-api-1.3.2.jar;C:\Users\Munni\.gradle\caches\modules-2\files-2.1\org.yaml\snakeyaml\1.19\2d998d3d674b172a588e54ab619854d073f555b5\snakeyaml-1.19.jar;C:\Users\Munni\.gradle\caches\modules-2\files-2.1\org.aspectj\aspectjweaver\1.8.13\ad94df2a28d658a40dc27bbaff6a1ce5fbf04e9b\aspectjweaver-1.8.13.jar;C:\Users\Munni\.gradle\caches\modules-2\files-2.1\com.fasterxml.jackson.datatype\jackson-datatype-jdk8\2.9.4\63ac052d52a70a15820d3dc07ea757826fd51d40\jackson-datatype-jdk8-2.9.4.jar;C:\Users\Munni\.gradle\caches\modules-2\files-2.1\com.fasterxml.jackson.datatype\jackson-datatype-jsr310\2.9.4\12d52679a6615c7972ea25bd8ebb60b191fe79b7\jackson-datatype-jsr310-2.9.4.jar;C:\Users\Munni\.gradle\caches\modules-2\files-2.1\com.fasterxml.jackson.module\jackson-module-parameter-names\2.9.4\5833c819877c3e85bad847f4d2fa4e70379217c6\jackson-module-parameter-names-2.9.4.jar;C:\Users\Munni\.gradle\caches\modules-2\files-2.1\com.fasterxml.jackson.core\jackson-databind\2.9.4\498bbc3b94f566982c7f7c6d4d303fce365529be\jackson-databind-2.9.4.jar;C:\Users\Munni\.gradle\caches\modules-2\files-2.1\com.fasterxml.jackson.core\jackson-annotations\2.9.0\7c10d545325e3a6e72e06381afe469fd40eb701\jackson-annotations-2.9.0.jar;C:\Users\Munni\.gradle\caches\modules-2\files-2.1\org.apache.tomcat.embed\tomcat-embed-websocket\8.5.28\8a5a48740dd80cad644ceb541e77fd8e0809e3b7\tomcat-embed-websocket-8.5.28.jar;C:\Users\Munni\.gradle\caches\modules-2\files-2.1\org.apache.tomcat.embed\tomcat-embed-core\8.5.28\b684c98cf77c6528079c4e59fc1feeb218bf82f1\tomcat-embed-core-8.5.28.jar;C:\Users\Munni\.gradle\caches\modules-2\files-2.1\org.springframework\spring-jcl\5.0.4.RELEASE\3053e2bad0a18571bdbb9596ce51f9d458f5934f\spring-jcl-5.0.4.RELEASE.jar;C:\Users\Munni\.gradle\caches\modules-2\files-2.1\net.minidev\json-smart\2.3\7396407491352ce4fa30de92efb158adb76b5b\json-smart-2.3.jar;C:\Users\Munni\.gradle\caches\modules-2\files-2.1\net.bytebuddy\byte-buddy-agent\1.7.10\9b092a8fb9112b89f6cb23fc929cfb931b14007b\byte-buddy-agent-1.7.10.jar;C:\Users\Munni\.gradle\caches\modules-2\files-2.1\org.objenesis\objenesis\2.6\639033469776fd37c08358c6b92a4761feb2af4b\objenesis-2.6.jar;C:\Users\Munni\.gradle\caches\modules-2\files-2.1\com.vaadin.external.google\android-json\0.0.20131108.vaadin1\fa26d351fe62a6a17f5cda1287c1c6110dec413f\android-json-0.0.20131108.vaadin1.jar;C:\Users\Munni\.gradle\caches\modules-2\files-2.1\org.attoparser\attoparser\2.0.4.RELEASE\5cf02c4d8303a81f0c80971bb1dcd40d3ba96009\attoparser-2.0.4.RELEASE.jar;C:\Users\Munni\.gradle\caches\modules-2\files-2.1\org.unbescape\unbescape\1.1.5.RELEASE\46dc644ea9c234317d926ebac5bf5d8f114dc1ba\unbescape-1.1.5.RELEASE.jar;C:\Users\Munni\.gradle\caches\modules-2\files-2.1\com.fasterxml.jackson.core\jackson-core\2.9.4\a9a71ec1aa37da47db168fede9a4a5fb5e374320\jackson-core-2.9.4.jar;C:\Users\Munni\.gradle\caches\modules-2\files-2.1\org.atteo\evo-inflector\1.2.2\2551aad98d65ac5464d81fe05f0e1516cfe471c9\evo-inflector-1.2.2.jar;C:\Users\Munni\.gradle\caches\modules-2\files-2.1\net.minidev\accessors-smart\1.2\c592b500269bfde36096641b01238a8350f8aa31\accessors-smart-1.2.jar;C:\Users\Munni\.gradle\caches\modules-2\files-2.1\ch.qos.logback\logback-core\1.2.3\864344400c3d4d92dfeb0a305dc87d953677c03c\logback-core-1.2.3.jar;C:\Users\Munni\.gradle\caches\modules-2\files-2.1\org.apache.logging.log4j\log4j-api\2.10.0\fec5797a55b786184a537abd39c3fa1449d752d6\log4j-api-2.10.0.jar;C:\Users\Munni\.gradle\caches\modules-2\files-2.1\org.ow2.asm\asm\5.0.4\da08b8cce7bbf903602a25a3a163ae252435795\asm-5.0.4.jar, user.name=Munni, java.vm.specification.version=1.8, sun.java.command=worker.org.gradle.process.internal.worker.GradleWorkerMain 'Gradle Test Executor 2', java.home=C:\Program Files\Java\jdk1.8.0_161\jre, sun.arch.data.model=64, user.language=en, java.specification.vendor=Oracle Corporation, awt.toolkit=sun.awt.windows.WToolkit, java.vm.info=mixed mode, java.version=1.8.0_161, java.ext.dirs=C:\Program Files\Java\jdk1.8.0_161\jre\lib\ext;C:\WINDOWS\Sun\Java\lib\ext, sun.boot.class.path=C:\Program Files\Java\jdk1.8.0_161\jre\lib\resources.jar;C:\Program Files\Java\jdk1.8.0_161\jre\lib\rt.jar;C:\Program Files\Java\jdk1.8.0_161\jre\lib\sunrsasign.jar;C:\Program Files\Java\jdk1.8.0_161\jre\lib\jsse.jar;C:\Program Files\Java\jdk1.8.0_161\jre\lib\jce.jar;C:\Program Files\Java\jdk1.8.0_161\jre\lib\charsets.jar;C:\Program Files\Java\jdk1.8.0_161\jre\lib\jfr.jar;C:\Program Files\Java\jdk1.8.0_161\jre\classes, java.vendor=Oracle Corporation, org.gradle.test.worker=2, file.separator=\, java.vendor.url.bug=http://bugreport.sun.com/bugreport/, sun.io.unicode.encoding=UnicodeLittle, sun.cpu.endian=little, sun.desktop=windows, sun.cpu.isalist=amd64}}, SystemEnvironmentPropertySource@1443284465 {name='systemEnvironment', properties={USERDOMAIN_ROAMINGPROFILE=MUNNI-PC, PROCESSOR_LEVEL=6, SESSIONNAME=Console, ALLUSERSPROFILE=C:\ProgramData, PROCESSOR_ARCHITECTURE=AMD64, PSModulePath=;, SystemDrive=C:, =ExitCode=00000000, DIRNAME=C:\Users\Munni\Documents\Recipe-Site\, USERNAME=Munni, CMD_LINE_ARGS=stage, ProgramFiles(x86)=C:\Program Files (x86), APP_HOME=C:\Users\Munni\Documents\Recipe-Site\, PATHEXT=.COM;.EXE;.BAT;.CMD;.VBS;.VBE;.JS;.JSE;.WSF;.WSH;.MSC, DriverData=C:\Windows\System32\Drivers\DriverData, ProgramData=C:\ProgramData, ProgramW6432=C:\Program Files, HOMEPATH=\Users\Munni, PROCESSOR_IDENTIFIER=Intel64 Family 6 Model 94 Stepping 3, GenuineIntel, ProgramFiles=C:\Program Files, PUBLIC=C:\Users\Public, windir=C:\WINDOWS, =::=::\, _SKIP=2, LOCALAPPDATA=C:\Users\Munni\AppData\Local, USERDOMAIN=MUNNI-PC, LOGONSERVER=\\MUNNI-PC, JAVA_HOME=C:\Program Files\Java\jdk1.8.0_161, PROMPT=$P$G, OneDrive=C:\Users\Munni\OneDrive, =C:=C:\Users\Munni\Documents\Recipe-Site, APPDATA=C:\Users\Munni\AppData\Roaming, JAVA_EXE=C:\Program Files\Java\jdk1.8.0_161/bin/java.exe, VBOX_MSI_INSTALL_PATH=C:\Program Files\Oracle\VirtualBox\, CommonProgramFiles=C:\Program Files\Common Files, Path=C:\Program Files (x86)\Intel\Intel(R) Management Engine Components\iCLS\;C:\Program Files\Intel\Intel(R) Management Engine Components\iCLS\;C:\app\Munni\product\12.1.0\dbhome_3\bin;C:\app\Munni\product\12.1.0\dbhome_2\bin;C:\app\Munni\product\12.1.0\dbhome_1\bin;C:\Program Files\ImageMagick-7.0.3-Q16;C:\ProgramData\Oracle\Java\javapath;C:\WINDOWS\system32;C:\WINDOWS;C:\WINDOWS\System32\Wbem;C:\WINDOWS\System32\WindowsPowerShell\v1.0\;C:\Program Files (x86)\NVIDIA Corporation\PhysX\Common;C:\Python27;C:\WINDOWS\system32;C:\WINDOWS;C:\WINDOWS\System32\Wbem;C:\WINDOWS\System32\WindowsPowerShell\v1.0\;C:\PostgreSQL\pg96\bin;C:\Program Files\Java\jdk-9\bin;C:\WINDOWS\System32\OpenSSH\;C:\Program Files (x86)\Intel\Intel(R) Management Engine Components\DAL;C:\Program Files\Intel\Intel(R) Management Engine Components\DAL;C:\Program Files (x86)\Intel\Intel(R) Management Engine Components\IPT;C:\Program Files\Intel\Intel(R) Management Engine Components\IPT;C:\Program Files\Microsoft VS Code\bin;C:\Program Files\Java\jdk1.8.0_161\bin;C:\Program Files\Git\cmd;C:\Users\Munni\AppData\Local\Programs\Python\Python36\Scripts\;C:\Users\Munni\AppData\Local\Programs\Python\Python36\;C:\Program Files\Java\jdk-9\bin;C:\Users\Munni\AppData\Local\Microsoft\WindowsApps;C:\Users\Munni\AppData\Local\atom\bin;C:\Program Files\MySQL\MySQL Server 8.0\bin;C:\Program Files\Microsoft VS Code\bin;C:\Users\Munni\AppData\Local\Microsoft\WindowsApps;C:\Users\Munni\AppData\Local\GitHubDesktop\bin;C:\SQLite3;C:\Program Files\heroku\bin, OS=Windows_NT, COMPUTERNAME=MUNNI-PC, PROCESSOR_REVISION=5e03, CLASSPATH=C:\Users\Munni\Documents\Recipe-Site\\gradle\wrapper\gradle-wrapper.jar, CommonProgramW6432=C:\Program Files\Common Files, ComSpec=C:\WINDOWS\system32\cmd.exe, APP_BASE_NAME=gradlew, SystemRoot=C:\WINDOWS, TEMP=C:\Users\Munni\AppData\Local\Temp, HOMEDRIVE=C:, USERPROFILE=C:\Users\Munni, TMP=C:\Users\Munni\AppData\Local\Temp, CommonProgramFiles(x86)=C:\Program Files (x86)\Common Files, NUMBER_OF_PROCESSORS=8}}]
14:06:34.548 [Test worker] DEBUG org.springframework.web.servlet.mvc.method.annotation.RequestMappingHandlerMapping - Looking for request mappings in application context: org.springframework.test.web.servlet.setup.StubWebApplicationContext@69621ff9
14:06:34.577 [Test worker] DEBUG org.springframework.web.servlet.mvc.method.annotation.RequestMappingHandlerMapping - 11 request handler methods found on class phan.recipesite.web.controller.RecipeController: {public java.lang.String phan.recipesite.web.controller.RecipeController.search(java.lang.String,org.springframework.ui.Model,org.springframework.security.core.Authentication)={[/recipes/search],methods=[GET]}, public java.lang.String phan.recipesite.web.controller.RecipeController.formNewRecipe(org.springframework.ui.Model)={[/recipes/add],methods=[GET]}, public java.lang.String phan.recipesite.web.controller.RecipeController.addRecipe(phan.recipesite.model.Recipe,org.springframework.web.multipart.MultipartFile,org.springframework.validation.BindingResult,org.springframework.web.servlet.mvc.support.RedirectAttributes,org.springframework.security.core.Authentication)={[/recipes],methods=[POST]}, public java.lang.String phan.recipesite.web.controller.RecipeController.editRecipeForm(java.lang.Long,org.springframework.ui.Model,org.springframework.web.servlet.mvc.support.RedirectAttributes,org.springframework.security.core.Authentication,javax.servlet.http.HttpServletRequest)={[/recipes/{id}/edit],methods=[GET]}, public java.lang.String phan.recipesite.web.controller.RecipeController.editRecipe(phan.recipesite.model.Recipe,org.springframework.validation.BindingResult,org.springframework.web.multipart.MultipartFile,org.springframework.web.servlet.mvc.support.RedirectAttributes,org.springframework.security.core.Authentication)={[/recipes/{id}],methods=[POST]}, public java.lang.String phan.recipesite.web.controller.RecipeController.deleteRecipe(java.lang.Long,phan.recipesite.model.User,org.springframework.validation.BindingResult,org.springframework.web.servlet.mvc.support.RedirectAttributes,org.springframework.security.core.Authentication,javax.servlet.http.HttpServletRequest)={[/recipes/{id}/delete],methods=[POST]}, public byte[] phan.recipesite.web.controller.RecipeController.recipeImage(java.lang.Long)={[/recipes/image/{imageId}],methods=[GET],produces=[image/png]}, public java.lang.String phan.recipesite.web.controller.RecipeController.recipesIndex(org.springframework.ui.Model,org.springframework.security.core.Authentication)={[/],methods=[GET]}, public java.lang.String phan.recipesite.web.controller.RecipeController.favoriteRecipe(java.lang.Long,org.springframework.ui.Model,javax.servlet.http.HttpServletRequest,org.springframework.security.core.Authentication)={[/recipes/{id}/favorite],methods=[POST]}, public java.lang.String phan.recipesite.web.controller.RecipeController.recipeDetails(java.lang.Long,org.springframework.ui.Model)={[/details/{id}],methods=[GET]}, public java.lang.String phan.recipesite.web.controller.RecipeController.recipesByCategory(phan.recipesite.model.Category,org.springframework.ui.Model,org.springframework.security.core.Authentication)={[/recipes/category/{category}],methods=[GET]}}
14:06:34.581 [Test worker] INFO org.springframework.web.servlet.mvc.method.annotation.RequestMappingHandlerMapping - Mapped "{[/recipes/search],methods=[GET]}" onto public java.lang.String phan.recipesite.web.controller.RecipeController.search(java.lang.String,org.springframework.ui.Model,org.springframework.security.core.Authentication)
14:06:34.582 [Test worker] INFO org.springframework.web.servlet.mvc.method.annotation.RequestMappingHandlerMapping - Mapped "{[/recipes/add],methods=[GET]}" onto public java.lang.String phan.recipesite.web.controller.RecipeController.formNewRecipe(org.springframework.ui.Model)
14:06:34.582 [Test worker] INFO org.springframework.web.servlet.mvc.method.annotation.RequestMappingHandlerMapping - Mapped "{[/recipes],methods=[POST]}" onto public java.lang.String phan.recipesite.web.controller.RecipeController.addRecipe(phan.recipesite.model.Recipe,org.springframework.web.multipart.MultipartFile,org.springframework.validation.BindingResult,org.springframework.web.servlet.mvc.support.RedirectAttributes,org.springframework.security.core.Authentication)
14:06:34.583 [Test worker] INFO org.springframework.web.servlet.mvc.method.annotation.RequestMappingHandlerMapping - Mapped "{[/recipes/{id}/edit],methods=[GET]}" onto public java.lang.String phan.recipesite.web.controller.RecipeController.editRecipeForm(java.lang.Long,org.springframework.ui.Model,org.springframework.web.servlet.mvc.support.RedirectAttributes,org.springframework.security.core.Authentication,javax.servlet.http.HttpServletRequest)
14:06:34.583 [Test worker] INFO org.springframework.web.servlet.mvc.method.annotation.RequestMappingHandlerMapping - Mapped "{[/recipes/{id}],methods=[POST]}" onto public java.lang.String phan.recipesite.web.controller.RecipeController.editRecipe(phan.recipesite.model.Recipe,org.springframework.validation.BindingResult,org.springframework.web.multipart.MultipartFile,org.springframework.web.servlet.mvc.support.RedirectAttributes,org.springframework.security.core.Authentication)
14:06:34.583 [Test worker] INFO org.springframework.web.servlet.mvc.method.annotation.RequestMappingHandlerMapping - Mapped "{[/recipes/{id}/delete],methods=[POST]}" onto public java.lang.String phan.recipesite.web.controller.RecipeController.deleteRecipe(java.lang.Long,phan.recipesite.model.User,org.springframework.validation.BindingResult,org.springframework.web.servlet.mvc.support.RedirectAttributes,org.springframework.security.core.Authentication,javax.servlet.http.HttpServletRequest)
14:06:34.584 [Test worker] INFO org.springframework.web.servlet.mvc.method.annotation.RequestMappingHandlerMapping - Mapped "{[/recipes/image/{imageId}],methods=[GET],produces=[image/png]}" onto public byte[] phan.recipesite.web.controller.RecipeController.recipeImage(java.lang.Long)
14:06:34.584 [Test worker] INFO org.springframework.web.servlet.mvc.method.annotation.RequestMappingHandlerMapping - Mapped "{[/],methods=[GET]}" onto public java.lang.String phan.recipesite.web.controller.RecipeController.recipesIndex(org.springframework.ui.Model,org.springframework.security.core.Authentication)
14:06:34.584 [Test worker] INFO org.springframework.web.servlet.mvc.method.annotation.RequestMappingHandlerMapping - Mapped "{[/recipes/{id}/favorite],methods=[POST]}" onto public java.lang.String phan.recipesite.web.controller.RecipeController.favoriteRecipe(java.lang.Long,org.springframework.ui.Model,javax.servlet.http.HttpServletRequest,org.springframework.security.core.Authentication)
14:06:34.584 [Test worker] INFO org.springframework.web.servlet.mvc.method.annotation.RequestMappingHandlerMapping - Mapped "{[/details/{id}],methods=[GET]}" onto public java.lang.String phan.recipesite.web.controller.RecipeController.recipeDetails(java.lang.Long,org.springframework.ui.Model)
14:06:34.585 [Test worker] INFO org.springframework.web.servlet.mvc.method.annotation.RequestMappingHandlerMapping - Mapped "{[/recipes/category/{category}],methods=[GET]}" onto public java.lang.String phan.recipesite.web.controller.RecipeController.recipesByCategory(phan.recipesite.model.Category,org.springframework.ui.Model,org.springframework.security.core.Authentication)
14:06:34.816 [Test worker] DEBUG org.jboss.logging - Logging Provider: org.jboss.logging.Log4j2LoggerProvider
14:06:34.817 [Test worker] INFO org.hibernate.validator.internal.util.Version - HV000001: Hibernate Validator 5.4.0.Final
14:06:34.837 [Test worker] DEBUG org.hibernate.validator.internal.engine.resolver.DefaultTraversableResolver - Found javax.persistence.Persistence on classpath containing 'getPersistenceUtil'. Assuming JPA 2 environment. Trying to instantiate JPA aware TraversableResolver
14:06:34.838 [Test worker] DEBUG org.hibernate.validator.internal.engine.resolver.DefaultTraversableResolver - Instantiated JPA aware TraversableResolver of type org.hibernate.validator.internal.engine.resolver.JPATraversableResolver.
14:06:34.847 [Test worker] DEBUG org.hibernate.validator.internal.engine.ConfigurationImpl - Setting custom MessageInterpolator of type org.springframework.validation.beanvalidation.LocaleContextMessageInterpolator
14:06:34.847 [Test worker] DEBUG org.hibernate.validator.internal.engine.ConfigurationImpl - Setting custom ParameterNameProvider of type org.springframework.validation.beanvalidation.LocalValidatorFactoryBean$1
14:06:34.850 [Test worker] DEBUG org.hibernate.validator.internal.xml.ValidationXmlParser - Trying to load META-INF/validation.xml for XML based Validator configuration.
14:06:34.851 [Test worker] DEBUG org.hibernate.validator.internal.xml.ResourceLoaderHelper - Trying to load META-INF/validation.xml via TCCL
14:06:34.852 [Test worker] DEBUG org.hibernate.validator.internal.xml.ResourceLoaderHelper - Trying to load META-INF/validation.xml via Hibernate Validator's class loader
14:06:34.852 [Test worker] DEBUG org.hibernate.validator.internal.xml.ValidationXmlParser - No META-INF/validation.xml found. Using annotation based configuration only.
14:06:34.904 [Test worker] INFO org.springframework.web.servlet.mvc.method.annotation.RequestMappingHandlerAdapter - Looking for @ControllerAdvice: org.springframework.test.web.servlet.setup.StubWebApplicationContext@69621ff9
14:06:34.932 [Test worker] DEBUG org.springframework.web.servlet.mvc.method.annotation.ExceptionHandlerExceptionResolver - Looking for exception mappings: org.springframework.test.web.servlet.setup.StubWebApplicationContext@69621ff9
14:06:34.951 [Test worker] DEBUG org.springframework.test.web.servlet.TestDispatcherServlet - Initializing servlet ''
14:06:34.953 [Test worker] INFO org.springframework.mock.web.MockServletContext - Initializing Spring FrameworkServlet ''
14:06:34.953 [Test worker] INFO org.springframework.test.web.servlet.TestDispatcherServlet - FrameworkServlet '': initialization started
14:06:34.955 [Test worker] DEBUG org.springframework.test.web.servlet.TestDispatcherServlet - Unable to locate MultipartResolver with name 'multipartResolver': no multipart request handling provided
14:06:34.955 [Test worker] DEBUG org.springframework.test.web.servlet.TestDispatcherServlet - Using LocaleResolver [org.springframework.web.servlet.i18n.AcceptHeaderLocaleResolver@5ed567]
14:06:34.955 [Test worker] DEBUG org.springframework.test.web.servlet.TestDispatcherServlet - Using ThemeResolver [org.springframework.web.servlet.theme.FixedThemeResolver@12c2ca83]
14:06:34.956 [Test worker] DEBUG org.springframework.test.web.servlet.TestDispatcherServlet - Using RequestToViewNameTranslator [org.springframework.web.servlet.view.DefaultRequestToViewNameTranslator@1bfae98e]
14:06:34.956 [Test worker] DEBUG org.springframework.test.web.servlet.TestDispatcherServlet - Using FlashMapManager [org.springframework.web.servlet.support.SessionFlashMapManager@34168ae8]
14:06:34.956 [Test worker] DEBUG org.springframework.test.web.servlet.TestDispatcherServlet - Published WebApplicationContext of servlet '' as ServletContext attribute with name [org.springframework.web.servlet.FrameworkServlet.CONTEXT.]
14:06:34.956 [Test worker] INFO org.springframework.test.web.servlet.TestDispatcherServlet - FrameworkServlet '': initialization completed in 3 ms
14:06:34.956 [Test worker] DEBUG org.springframework.test.web.servlet.TestDispatcherServlet - Servlet '' configured successfully
14:06:34.990 [Test worker] DEBUG org.springframework.test.web.servlet.TestDispatcherServlet - DispatcherServlet with name '' processing GET request for [/recipes/category/BREAKFAST]
14:06:34.991 [Test worker] DEBUG org.springframework.web.servlet.mvc.method.annotation.RequestMappingHandlerMapping - Looking up handler method for path /recipes/category/BREAKFAST
14:06:34.995 [Test worker] DEBUG org.springframework.web.servlet.mvc.method.annotation.RequestMappingHandlerMapping - Returning handler method [public java.lang.String phan.recipesite.web.controller.RecipeController.recipesByCategory(phan.recipesite.model.Category,org.springframework.ui.Model,org.springframework.security.core.Authentication)]
14:06:34.996 [Test worker] DEBUG org.springframework.test.web.servlet.TestDispatcherServlet - Last-Modified value for [/recipes/category/BREAKFAST] is: -1
14:06:35.020 [Test worker] DEBUG org.springframework.test.web.servlet.TestDispatcherServlet - Rendering view [org.springframework.web.servlet.view.InternalResourceView: unnamed; URL [index]] in DispatcherServlet with name ''
14:06:35.021 [Test worker] DEBUG org.springframework.web.servlet.view.InternalResourceView - Added model object 'category' of type [phan.recipesite.model.Category] to request in view with name 'null'
14:06:35.021 [Test worker] DEBUG org.springframework.web.servlet.view.InternalResourceView - Added model object 'recipes' of type [java.util.Arrays$ArrayList] to request in view with name 'null'
14:06:35.021 [Test worker] DEBUG org.springframework.web.servlet.view.InternalResourceView - Added model object 'categories' of type [java.util.LinkedList] to request in view with name 'null'
14:06:35.021 [Test worker] DEBUG org.springframework.web.servlet.view.InternalResourceView - Added model object 'selectedCategory' of type [phan.recipesite.model.Category] to request in view with name 'null'
14:06:35.021 [Test worker] DEBUG org.springframework.web.servlet.view.InternalResourceView - Forwarding to resource [index] in InternalResourceView 'null'
14:06:35.021 [Test worker] DEBUG org.springframework.mock.web.MockRequestDispatcher - MockRequestDispatcher: forwarding to [index]
14:06:35.021 [Test worker] DEBUG org.springframework.test.web.servlet.TestDispatcherServlet - Successfully completed request
14:06:35.031 [Test worker] DEBUG org.springframework.core.env.StandardEnvironment - Adding PropertySource 'systemProperties' with lowest search precedence
14:06:35.031 [Test worker] DEBUG org.springframework.core.env.StandardEnvironment - Adding PropertySource 'systemEnvironment' with lowest search precedence
14:06:35.031 [Test worker] DEBUG org.springframework.core.env.StandardEnvironment - Initialized StandardEnvironment with PropertySources [MapPropertySource@1911846011 {name='systemProperties', properties={java.runtime.name=Java(TM) SE Runtime Environment, sun.boot.library.path=C:\Program Files\Java\jdk1.8.0_161\jre\bin, java.vm.version=25.161-b12, java.vm.vendor=Oracle Corporation, java.vendor.url=http://java.oracle.com/, path.separator=;, java.vm.name=Java HotSpot(TM) 64-Bit Server VM, file.encoding.pkg=sun.io, user.script=, sun.java.launcher=SUN_STANDARD, user.country=US, sun.os.patch.level=, java.vm.specification.name=Java Virtual Machine Specification, user.dir=C:\Users\Munni\Documents\Recipe-Site, java.runtime.version=1.8.0_161-b12, java.awt.graphicsenv=sun.awt.Win32GraphicsEnvironment, java.endorsed.dirs=C:\Program Files\Java\jdk1.8.0_161\jre\lib\endorsed, os.arch=amd64, java.io.tmpdir=C:\Users\Munni\AppData\Local\Temp\, line.separator=
, java.vm.specification.vendor=Oracle Corporation, user.variant=, os.name=Windows 10, sun.jnu.encoding=Cp1252, java.library.path=C:\Program Files\Java\jdk1.8.0_161\bin;C:\WINDOWS\Sun\Java\bin;C:\WINDOWS\system32;C:\WINDOWS;C:\Program Files (x86)\Intel\Intel(R) Management Engine Components\iCLS\;C:\Program Files\Intel\Intel(R) Management Engine Components\iCLS\;C:\app\Munni\product\12.1.0\dbhome_3\bin;C:\app\Munni\product\12.1.0\dbhome_2\bin;C:\app\Munni\product\12.1.0\dbhome_1\bin;C:\Program Files\ImageMagick-7.0.3-Q16;C:\ProgramData\Oracle\Java\javapath;C:\WINDOWS\system32;C:\WINDOWS;C:\WINDOWS\System32\Wbem;C:\WINDOWS\System32\WindowsPowerShell\v1.0\;C:\Program Files (x86)\NVIDIA Corporation\PhysX\Common;C:\Python27;C:\WINDOWS\system32;C:\WINDOWS;C:\WINDOWS\System32\Wbem;C:\WINDOWS\System32\WindowsPowerShell\v1.0\;C:\PostgreSQL\pg96\bin;C:\Program Files\Java\jdk-9\bin;C:\WINDOWS\System32\OpenSSH\;C:\Program Files (x86)\Intel\Intel(R) Management Engine Components\DAL;C:\Program Files\Intel\Intel(R) Management Engine Components\DAL;C:\Program Files (x86)\Intel\Intel(R) Management Engine Components\IPT;C:\Program Files\Intel\Intel(R) Management Engine Components\IPT;C:\Program Files\Microsoft VS Code\bin;C:\Program Files\Java\jdk1.8.0_161\bin;C:\Program Files\Git\cmd;C:\Users\Munni\AppData\Local\Programs\Python\Python36\Scripts\;C:\Users\Munni\AppData\Local\Programs\Python\Python36\;C:\Program Files\Java\jdk-9\bin;C:\Users\Munni\AppData\Local\Microsoft\WindowsApps;C:\Users\Munni\AppData\Local\atom\bin;C:\Program Files\MySQL\MySQL Server 8.0\bin;C:\Program Files\Microsoft VS Code\bin;C:\Users\Munni\AppData\Local\Microsoft\WindowsApps;C:\Users\Munni\AppData\Local\GitHubDesktop\bin;C:\SQLite3;C:\Program Files\heroku\bin;., java.specification.name=Java Platform API Specification, java.class.version=52.0, org.gradle.native=false, sun.management.compiler=HotSpot 64-Bit Tiered Compilers, os.version=10.0, user.home=C:\Users\Munni, user.timezone=America/Los_Angeles, java.awt.printerjob=sun.awt.windows.WPrinterJob, file.encoding=windows-1252, java.specification.version=1.8, java.class.path=C:\Users\Munni\Documents\Recipe-Site\build\classes\java\test;C:\Users\Munni\Documents\Recipe-Site\build\resources\test;C:\Users\Munni\Documents\Recipe-Site\build\classes\java\main;C:\Users\Munni\Documents\Recipe-Site\build\resources\main;C:\Users\Munni\.gradle\caches\modules-2\files-2.1\org.springframework.boot\spring-boot-starter-thymeleaf\2.0.0.RELEASE\3f77dc6b3bfa8e9cc9e0eaa9abc32c5b00b5046a\spring-boot-starter-thymeleaf-2.0.0.RELEASE.jar;C:\Users\Munni\.gradle\caches\modules-2\files-2.1\org.springframework.boot\spring-boot-starter-data-jpa\2.0.0.RELEASE\cc7bc2df046149870255d22367f8f7276eb82e98\spring-boot-starter-data-jpa-2.0.0.RELEASE.jar;C:\Users\Munni\.gradle\caches\modules-2\files-2.1\org.springframework.boot\spring-boot-starter-data-rest\2.0.0.RELEASE\ebf929e1d4ba783f3e32459fe8d29cb61ddbb92\spring-boot-starter-data-rest-2.0.0.RELEASE.jar;C:\Users\Munni\.gradle\caches\modules-2\files-2.1\org.springframework.boot\spring-boot-starter-web\2.0.0.RELEASE\fcb2a9e18f98382e626935841f85ed44d7153615\spring-boot-starter-web-2.0.0.RELEASE.jar;C:\Users\Munni\.gradle\caches\modules-2\files-2.1\org.springframework.boot\spring-boot-starter-security\2.0.0.RELEASE\393ab221bc9aba9c5c59808115177dc5cfaf1b4c\spring-boot-starter-security-2.0.0.RELEASE.jar;C:\Users\Munni\.gradle\caches\modules-2\files-2.1\org.springframework.boot\spring-boot-starter-validation\2.0.0.RELEASE\374cd2dd14d91bb8025c4208998177ad2d733f90\spring-boot-starter-validation-2.0.0.RELEASE.jar;C:\Users\Munni\.gradle\caches\modules-2\files-2.1\org.springframework.data\spring-data-jpa\2.0.5.RELEASE\51b2e315174e32b4c8a4841a147002555add076c\spring-data-jpa-2.0.5.RELEASE.jar;C:\Users\Munni\.gradle\caches\modules-2\files-2.1\org.springframework\spring-orm\5.0.4.RELEASE\dc83e08ecdb4ab28339f87358b53d75b4a8d1b9\spring-orm-5.0.4.RELEASE.jar;C:\Users\Munni\.gradle\caches\modules-2\files-2.1\org.thymeleaf.extras\thymeleaf-extras-springsecurity4\3.0.2.RELEASE\ef051e8a72074063ca587bef9ee397a1ebe0cdcd\thymeleaf-extras-springsecurity4-3.0.2.RELEASE.jar;C:\Users\Munni\.gradle\caches\modules-2\files-2.1\org.hibernate\hibernate-entitymanager\5.2.13.Final\cdef4ec0e1c9739942fbd16bb6b355d5fb804fba\hibernate-entitymanager-5.2.13.Final.jar;C:\Users\Munni\.gradle\caches\modules-2\files-2.1\org.hibernate\hibernate-core\5.2.13.Final\830492a74b3013ef75135ea4120b2ac23fa7ad9f\hibernate-core-5.2.13.Final.jar;C:\Users\Munni\.gradle\caches\modules-2\files-2.1\org.hibernate\hibernate-validator\5.4.0.Final\2076cbd5719e4182a75ab32e7186deb0ca5ac376\hibernate-validator-5.4.0.Final.jar;C:\Users\Munni\.gradle\caches\modules-2\files-2.1\org.apache.tomcat\tomcat-dbcp\9.0.6\d6e385df7dda76ef30da7b92e36d349aa6a3cc9d\tomcat-dbcp-9.0.6.jar;C:\Users\Munni\.gradle\caches\modules-2\files-2.1\mysql\mysql-connector-java\8.0.11\2c3d25fe1dfdd6496e0bbe47d67809f67487cfba\mysql-connector-java-8.0.11.jar;C:\Users\Munni\.gradle\caches\modules-2\files-2.1\com.h2database\h2\1.4.196\dd0034398d593aa3588c6773faac429bbd9aea0e\h2-1.4.196.jar;C:\Users\Munni\.gradle\caches\modules-2\files-2.1\javax.xml.bind\jaxb-api\2.3.0\99f802e0cb3e953ba3d6e698795c4aeb98d37c48\jaxb-api-2.3.0.jar;C:\Users\Munni\.gradle\caches\modules-2\files-2.1\javax.activation\activation\1.1.1\485de3a253e23f645037828c07f1d7f1af40763a\activation-1.1.1.jar;C:\Users\Munni\.gradle\caches\modules-2\files-2.1\org.hibernate.validator\hibernate-validator\6.0.7.Final\8b9d9c7ec8c73963ea0fe81912fc67711a4ef76\hibernate-validator-6.0.7.Final.jar;C:\Users\Munni\.gradle\caches\modules-2\files-2.1\javax.validation\validation-api\2.0.1.Final\cb855558e6271b1b32e716d24cb85c7f583ce09e\validation-api-2.0.1.Final.jar;C:\Users\Munni\.gradle\caches\modules-2\files-2.1\org.dbunit\dbunit\2.5.0\fd9e26e8c2c54770840daf448ce684938becc732\dbunit-2.5.0.jar;C:\Users\Munni\.gradle\caches\modules-2\files-2.1\org.springframework.boot\spring-boot-starter-test\2.0.0.RELEASE\4ff0e1d9bd315a4a5867e9c6128691cac8b37348\spring-boot-starter-test-2.0.0.RELEASE.jar;C:\Users\Munni\.gradle\caches\modules-2\files-2.1\org.springframework.security\spring-security-test\5.0.0.RELEASE\8d9115695113f16a6fd8a2fdb2a185a3c8c2c5b7\spring-security-test-5.0.0.RELEASE.jar;C:\Users\Munni\.gradle\caches\modules-2\files-2.1\com.github.springtestdbunit\spring-test-dbunit\1.2.1\c566b9a055475347b3eafe8c772e1c47bb648860\spring-test-dbunit-1.2.1.jar;C:\Users\Munni\.gradle\caches\modules-2\files-2.1\junit\junit\4.12\2973d150c0dc1fefe998f834810d68f278ea58ec\junit-4.12.jar;C:\Users\Munni\.gradle\caches\modules-2\files-2.1\org.springframework.boot\spring-boot-starter-aop\2.0.0.RELEASE\9afd572ca8de272e6d919d914db5c73cd7d06ea2\spring-boot-starter-aop-2.0.0.RELEASE.jar;C:\Users\Munni\.gradle\caches\modules-2\files-2.1\org.springframework.boot\spring-boot-starter-jdbc\2.0.0.RELEASE\bfe586f729ed86a421a79ac1b18d4e05acd25d68\spring-boot-starter-jdbc-2.0.0.RELEASE.jar;C:\Users\Munni\.gradle\caches\modules-2\files-2.1\org.springframework.boot\spring-boot-starter-json\2.0.0.RELEASE\5a09c939d8bd60d7f163c1c0c20a3127ba9fffa\spring-boot-starter-json-2.0.0.RELEASE.jar;C:\Users\Munni\.gradle\caches\modules-2\files-2.1\org.springframework.boot\spring-boot-starter\2.0.0.RELEASE\6d7d8e4bf053cd1833f3c7dbce676bc274f0892f\spring-boot-starter-2.0.0.RELEASE.jar;C:\Users\Munni\.gradle\caches\modules-2\files-2.1\org.thymeleaf\thymeleaf-spring5\3.0.9.RELEASE\abf84efd83808a70d982d2790f7f3a7bd3a39cf4\thymeleaf-spring5-3.0.9.RELEASE.jar;C:\Users\Munni\.gradle\caches\modules-2\files-2.1\org.thymeleaf.extras\thymeleaf-extras-java8time\3.0.1.RELEASE\d23760d1e53cd70c489ef40dc94ee6bd2371cceb\thymeleaf-extras-java8time-3.0.1.RELEASE.jar;C:\Users\Munni\.gradle\caches\modules-2\files-2.1\javax.transaction\javax.transaction-api\1.2\d81aff979d603edd90dcd8db2abc1f4ce6479e3e\javax.transaction-api-1.2.jar;C:\Users\Munni\.gradle\caches\modules-2\files-2.1\org.springframework\spring-aspects\5.0.4.RELEASE\454ee13fc4f439065572dd526e81c699d1d61e3e\spring-aspects-5.0.4.RELEASE.jar;C:\Users\Munni\.gradle\caches\modules-2\files-2.1\org.springframework.data\spring-data-rest-webmvc\3.0.5.RELEASE\760f62765b03fbbc402ae8910da28dc336f02e7d\spring-data-rest-webmvc-3.0.5.RELEASE.jar;C:\Users\Munni\.gradle\caches\modules-2\files-2.1\org.springframework.boot\spring-boot-starter-tomcat\2.0.0.RELEASE\908bc9de1a7cfa857edf44182d426f6e0d8a3008\spring-boot-starter-tomcat-2.0.0.RELEASE.jar;C:\Users\Munni\.gradle\caches\modules-2\files-2.1\org.springframework.data\spring-data-rest-core\3.0.5.RELEASE\3e806c4587efe30303585c48e40d6cd08092aced\spring-data-rest-core-3.0.5.RELEASE.jar;C:\Users\Munni\.gradle\caches\modules-2\files-2.1\org.springframework.hateoas\spring-hateoas\0.24.0.RELEASE\b6401a781a58e0b2ab95242a553683e04300fe69\spring-hateoas-0.24.0.RELEASE.jar;C:\Users\Munni\.gradle\caches\modules-2\files-2.1\org.springframework\spring-webmvc\5.0.4.RELEASE\addcf1caa22613c474bd6dde8c7134fef940b1f0\spring-webmvc-5.0.4.RELEASE.jar;C:\Users\Munni\.gradle\caches\modules-2\files-2.1\org.springframework.security\spring-security-web\5.0.3.RELEASE\1c688054bfe015bcd067426f5ad77c01dd6486ac\spring-security-web-5.0.3.RELEASE.jar;C:\Users\Munni\.gradle\caches\modules-2\files-2.1\org.springframework\spring-web\5.0.4.RELEASE\9565bbc67bf1a850a6505deaa5103931712a7b80\spring-web-5.0.4.RELEASE.jar;C:\Users\Munni\.gradle\caches\modules-2\files-2.1\org.springframework.security\spring-security-config\5.0.3.RELEASE\6581e8c83eb5a08e1578fdd3093fd096e81e82ba\spring-security-config-5.0.3.RELEASE.jar;C:\Users\Munni\.gradle\caches\modules-2\files-2.1\org.springframework.security\spring-security-core\5.0.3.RELEASE\6cc79dd1db872ff306a3c9ae9e5c047b649c84e3\spring-security-core-5.0.3.RELEASE.jar;C:\Users\Munni\.gradle\caches\modules-2\files-2.1\org.springframework.boot\spring-boot-test-autoconfigure\2.0.0.RELEASE\db0595321e96929d9473cf061f3408972d03c6aa\spring-boot-test-autoconfigure-2.0.0.RELEASE.jar;C:\Users\Munni\.gradle\caches\modules-2\files-2.1\org.springframework.boot\spring-boot-test\2.0.0.RELEASE\1565e78c2801bd3c7ece0a8ddc08e5ed53676878\spring-boot-test-2.0.0.RELEASE.jar;C:\Users\Munni\.gradle\caches\modules-2\files-2.1\org.springframework.boot\spring-boot-autoconfigure\2.0.0.RELEASE\c89896a469ecf92996ecba40755919896ace5470\spring-boot-autoconfigure-2.0.0.RELEASE.jar;C:\Users\Munni\.gradle\caches\modules-2\files-2.1\org.springframework.boot\spring-boot\2.0.0.RELEASE\771da2071ff14a47f108642a641c204ae4ef7b15\spring-boot-2.0.0.RELEASE.jar;C:\Users\Munni\.gradle\caches\modules-2\files-2.1\org.springframework.plugin\spring-plugin-core\1.2.0.RELEASE\f380e7760032e7d929184f8ad8a33716b75c0657\spring-plugin-core-1.2.0.RELEASE.jar;C:\Users\Munni\.gradle\caches\modules-2\files-2.1\org.springframework\spring-context\5.0.4.RELEASE\3e76d08c851113077642c5704f0f94d5ce58e905\spring-context-5.0.4.RELEASE.jar;C:\Users\Munni\.gradle\caches\modules-2\files-2.1\org.springframework\spring-aop\5.0.4.RELEASE\f8e029e54c0267dadb6b9f713f3feb54ec4f3a0e\spring-aop-5.0.4.RELEASE.jar;C:\Users\Munni\.gradle\caches\modules-2\files-2.1\org.apache.tomcat.embed\tomcat-embed-el\8.5.28\75745598f60646ccf0c4b105468a9c8be9b8432e\tomcat-embed-el-8.5.28.jar;C:\Users\Munni\.gradle\caches\modules-2\files-2.1\org.springframework\spring-jdbc\5.0.4.RELEASE\6b5ac0db11d81d6319ebd0bb253b2f01713df3ab\spring-jdbc-5.0.4.RELEASE.jar;C:\Users\Munni\.gradle\caches\modules-2\files-2.1\org.springframework\spring-tx\5.0.4.RELEASE\7afc193c5d2b812ee6d2ccaf6fcc81fb83bfb4a7\spring-tx-5.0.4.RELEASE.jar;C:\Users\Munni\.gradle\caches\modules-2\files-2.1\org.springframework.data\spring-data-commons\2.0.5.RELEASE\f5357c650f63f3a187d3d4086a9e9132f33851a6\spring-data-commons-2.0.5.RELEASE.jar;C:\Users\Munni\.gradle\caches\modules-2\files-2.1\org.springframework\spring-beans\5.0.4.RELEASE\7a8c3d48d4c33621e64d1399721d8e067450fcbd\spring-beans-5.0.4.RELEASE.jar;C:\Users\Munni\.gradle\caches\modules-2\files-2.1\org.springframework\spring-test\5.0.4.RELEASE\3fc10b6535a113593fa8780951465012a7677e21\spring-test-5.0.4.RELEASE.jar;C:\Users\Munni\.gradle\caches\modules-2\files-2.1\org.springframework\spring-expression\5.0.4.RELEASE\4bda161f2e34c1486f2527a23eb47293567f473c\spring-expression-5.0.4.RELEASE.jar;C:\Users\Munni\.gradle\caches\modules-2\files-2.1\org.springframework\spring-core\5.0.4.RELEASE\2221a957b5561a34f044350ba4e30ef5870254a3\spring-core-5.0.4.RELEASE.jar;C:\Users\Munni\.gradle\caches\modules-2\files-2.1\com.jayway.jsonpath\json-path\2.4.0\765a4401ceb2dc8d40553c2075eb80a8fa35c2ae\json-path-2.4.0.jar;C:\Users\Munni\.gradle\caches\modules-2\files-2.1\org.thymeleaf\thymeleaf\3.0.9.RELEASE\64185cca50ac808ad034841c84b4013f955465d2\thymeleaf-3.0.9.RELEASE.jar;C:\Users\Munni\.gradle\caches\modules-2\files-2.1\com.zaxxer\HikariCP\2.7.8\4a3a604fa2efa89621aa498d04e000b2bed90c39\HikariCP-2.7.8.jar;C:\Users\Munni\.gradle\caches\modules-2\files-2.1\org.springframework.boot\spring-boot-starter-logging\2.0.0.RELEASE\fe939b71659ef1f98a53cce0b5bcf771685cf6a6\spring-boot-starter-logging-2.0.0.RELEASE.jar;C:\Users\Munni\.gradle\caches\modules-2\files-2.1\ch.qos.logback\logback-classic\1.2.3\7c4f3c474fb2c041d8028740440937705ebb473a\logback-classic-1.2.3.jar;C:\Users\Munni\.gradle\caches\modules-2\files-2.1\org.apache.logging.log4j\log4j-to-slf4j\2.10.0\f7e631ccf49cfc0aefa4a2a728da7d374c05bd3c\log4j-to-slf4j-2.10.0.jar;C:\Users\Munni\.gradle\caches\modules-2\files-2.1\org.slf4j\jul-to-slf4j\1.7.25\af5364cd6679bfffb114f0dec8a157aaa283b76\jul-to-slf4j-1.7.25.jar;C:\Users\Munni\.gradle\caches\modules-2\files-2.1\org.slf4j\slf4j-api\1.7.25\da76ca59f6a57ee3102f8f9bd9cee742973efa8a\slf4j-api-1.7.25.jar;C:\Users\Munni\.gradle\caches\modules-2\files-2.1\org.hibernate.common\hibernate-commons-annotations\5.0.1.Final\71e1cff3fcb20d3b3af4f3363c3ddb24d33c6879\hibernate-commons-annotations-5.0.1.Final.jar;C:\Users\Munni\.gradle\caches\modules-2\files-2.1\org.jboss.logging\jboss-logging\3.3.2.Final\3789d00e859632e6c6206adc0c71625559e6e3b0\jboss-logging-3.3.2.Final.jar;C:\Users\Munni\.gradle\caches\modules-2\files-2.1\org.hibernate.javax.persistence\hibernate-jpa-2.1-api\1.0.0.Final\5e731d961297e5a07290bfaf3db1fbc8bbbf405a\hibernate-jpa-2.1-api-1.0.0.Final.jar;C:\Users\Munni\.gradle\caches\modules-2\files-2.1\org.javassist\javassist\3.22.0-GA\3e83394258ae2089be7219b971ec21a8288528ad\javassist-3.22.0-GA.jar;C:\Users\Munni\.gradle\caches\modules-2\files-2.1\antlr\antlr\2.7.7\83cd2cd674a217ade95a4bb83a8a14f351f48bd0\antlr-2.7.7.jar;C:\Users\Munni\.gradle\caches\modules-2\files-2.1\org.jboss.spec.javax.transaction\jboss-transaction-api_1.2_spec\1.0.1.Final\4441f144a2a1f46ed48fcc6b476a4b6295e6d524\jboss-transaction-api_1.2_spec-1.0.1.Final.jar;C:\Users\Munni\.gradle\caches\modules-2\files-2.1\org.jboss\jandex\2.0.3.Final\bfc4d6257dbff7a33a357f0de116be6ff951d849\jandex-2.0.3.Final.jar;C:\Users\Munni\.gradle\caches\modules-2\files-2.1\com.fasterxml\classmate\1.3.4\3d5f48f10bbe4eb7bd862f10c0583be2e0053c6\classmate-1.3.4.jar;C:\Users\Munni\.gradle\caches\modules-2\files-2.1\dom4j\dom4j\1.6.1\5d3ccc056b6f056dbf0dddfdf43894b9065a8f94\dom4j-1.6.1.jar;C:\Users\Munni\.gradle\caches\modules-2\files-2.1\org.mockito\mockito-core\2.15.0\b84bfbbc29cd22c9529409627af6ea2897f4fa85\mockito-core-2.15.0.jar;C:\Users\Munni\.gradle\caches\modules-2\files-2.1\net.bytebuddy\byte-buddy\1.7.10\3c8ec287c0a5bd04b1e3f11723bc46a50346602b\byte-buddy-1.7.10.jar;C:\Users\Munni\.gradle\caches\modules-2\files-2.1\org.apache.tomcat\tomcat-juli\9.0.6\fd3463283f536a239c8893c6b3ad14bfd5edd1a7\tomcat-juli-9.0.6.jar;C:\Users\Munni\.gradle\caches\modules-2\files-2.1\com.google.protobuf\protobuf-java\2.6.0\88ba32feefe385d5dc284b71f649201eabd15778\protobuf-java-2.6.0.jar;C:\Users\Munni\.gradle\caches\modules-2\files-2.1\commons-collections\commons-collections\3.2.1\761ea405b9b37ced573d2df0d1e3a4e0f9edc668\commons-collections-3.2.1.jar;C:\Users\Munni\.gradle\caches\modules-2\files-2.1\org.assertj\assertj-core\3.9.1\c5ce126b15f28d56cd8f960c1a6a058b9c9aea87\assertj-core-3.9.1.jar;C:\Users\Munni\.gradle\caches\modules-2\files-2.1\org.hamcrest\hamcrest-library\1.3\4785a3c21320980282f9f33d0d1264a69040538f\hamcrest-library-1.3.jar;C:\Users\Munni\.gradle\caches\modules-2\files-2.1\org.hamcrest\hamcrest-core\1.3\42a25dc3219429f0e5d060061f71acb49bf010a0\hamcrest-core-1.3.jar;C:\Users\Munni\.gradle\caches\modules-2\files-2.1\org.skyscreamer\jsonassert\1.5.0\6c9d5fe2f59da598d9aefc1cfc6528ff3cf32df3\jsonassert-1.5.0.jar;C:\Users\Munni\.gradle\caches\modules-2\files-2.1\org.xmlunit\xmlunit-core\2.5.1\4ffdb346572a7356f7521cd3119ce5287d2e339d\xmlunit-core-2.5.1.jar;C:\Users\Munni\.gradle\caches\modules-2\files-2.1\javax.annotation\javax.annotation-api\1.3.2\934c04d3cfef185a8008e7bf34331b79730a9d43\javax.annotation-api-1.3.2.jar;C:\Users\Munni\.gradle\caches\modules-2\files-2.1\org.yaml\snakeyaml\1.19\2d998d3d674b172a588e54ab619854d073f555b5\snakeyaml-1.19.jar;C:\Users\Munni\.gradle\caches\modules-2\files-2.1\org.aspectj\aspectjweaver\1.8.13\ad94df2a28d658a40dc27bbaff6a1ce5fbf04e9b\aspectjweaver-1.8.13.jar;C:\Users\Munni\.gradle\caches\modules-2\files-2.1\com.fasterxml.jackson.datatype\jackson-datatype-jdk8\2.9.4\63ac052d52a70a15820d3dc07ea757826fd51d40\jackson-datatype-jdk8-2.9.4.jar;C:\Users\Munni\.gradle\caches\modules-2\files-2.1\com.fasterxml.jackson.datatype\jackson-datatype-jsr310\2.9.4\12d52679a6615c7972ea25bd8ebb60b191fe79b7\jackson-datatype-jsr310-2.9.4.jar;C:\Users\Munni\.gradle\caches\modules-2\files-2.1\com.fasterxml.jackson.module\jackson-module-parameter-names\2.9.4\5833c819877c3e85bad847f4d2fa4e70379217c6\jackson-module-parameter-names-2.9.4.jar;C:\Users\Munni\.gradle\caches\modules-2\files-2.1\com.fasterxml.jackson.core\jackson-databind\2.9.4\498bbc3b94f566982c7f7c6d4d303fce365529be\jackson-databind-2.9.4.jar;C:\Users\Munni\.gradle\caches\modules-2\files-2.1\com.fasterxml.jackson.core\jackson-annotations\2.9.0\7c10d545325e3a6e72e06381afe469fd40eb701\jackson-annotations-2.9.0.jar;C:\Users\Munni\.gradle\caches\modules-2\files-2.1\org.apache.tomcat.embed\tomcat-embed-websocket\8.5.28\8a5a48740dd80cad644ceb541e77fd8e0809e3b7\tomcat-embed-websocket-8.5.28.jar;C:\Users\Munni\.gradle\caches\modules-2\files-2.1\org.apache.tomcat.embed\tomcat-embed-core\8.5.28\b684c98cf77c6528079c4e59fc1feeb218bf82f1\tomcat-embed-core-8.5.28.jar;C:\Users\Munni\.gradle\caches\modules-2\files-2.1\org.springframework\spring-jcl\5.0.4.RELEASE\3053e2bad0a18571bdbb9596ce51f9d458f5934f\spring-jcl-5.0.4.RELEASE.jar;C:\Users\Munni\.gradle\caches\modules-2\files-2.1\net.minidev\json-smart\2.3\7396407491352ce4fa30de92efb158adb76b5b\json-smart-2.3.jar;C:\Users\Munni\.gradle\caches\modules-2\files-2.1\net.bytebuddy\byte-buddy-agent\1.7.10\9b092a8fb9112b89f6cb23fc929cfb931b14007b\byte-buddy-agent-1.7.10.jar;C:\Users\Munni\.gradle\caches\modules-2\files-2.1\org.objenesis\objenesis\2.6\639033469776fd37c08358c6b92a4761feb2af4b\objenesis-2.6.jar;C:\Users\Munni\.gradle\caches\modules-2\files-2.1\com.vaadin.external.google\android-json\0.0.20131108.vaadin1\fa26d351fe62a6a17f5cda1287c1c6110dec413f\android-json-0.0.20131108.vaadin1.jar;C:\Users\Munni\.gradle\caches\modules-2\files-2.1\org.attoparser\attoparser\2.0.4.RELEASE\5cf02c4d8303a81f0c80971bb1dcd40d3ba96009\attoparser-2.0.4.RELEASE.jar;C:\Users\Munni\.gradle\caches\modules-2\files-2.1\org.unbescape\unbescape\1.1.5.RELEASE\46dc644ea9c234317d926ebac5bf5d8f114dc1ba\unbescape-1.1.5.RELEASE.jar;C:\Users\Munni\.gradle\caches\modules-2\files-2.1\com.fasterxml.jackson.core\jackson-core\2.9.4\a9a71ec1aa37da47db168fede9a4a5fb5e374320\jackson-core-2.9.4.jar;C:\Users\Munni\.gradle\caches\modules-2\files-2.1\org.atteo\evo-inflector\1.2.2\2551aad98d65ac5464d81fe05f0e1516cfe471c9\evo-inflector-1.2.2.jar;C:\Users\Munni\.gradle\caches\modules-2\files-2.1\net.minidev\accessors-smart\1.2\c592b500269bfde36096641b01238a8350f8aa31\accessors-smart-1.2.jar;C:\Users\Munni\.gradle\caches\modules-2\files-2.1\ch.qos.logback\logback-core\1.2.3\864344400c3d4d92dfeb0a305dc87d953677c03c\logback-core-1.2.3.jar;C:\Users\Munni\.gradle\caches\modules-2\files-2.1\org.apache.logging.log4j\log4j-api\2.10.0\fec5797a55b786184a537abd39c3fa1449d752d6\log4j-api-2.10.0.jar;C:\Users\Munni\.gradle\caches\modules-2\files-2.1\org.ow2.asm\asm\5.0.4\da08b8cce7bbf903602a25a3a163ae252435795\asm-5.0.4.jar, user.name=Munni, java.vm.specification.version=1.8, sun.java.command=worker.org.gradle.process.internal.worker.GradleWorkerMain 'Gradle Test Executor 2', java.home=C:\Program Files\Java\jdk1.8.0_161\jre, sun.arch.data.model=64, user.language=en, java.specification.vendor=Oracle Corporation, awt.toolkit=sun.awt.windows.WToolkit, java.vm.info=mixed mode, java.version=1.8.0_161, java.ext.dirs=C:\Program Files\Java\jdk1.8.0_161\jre\lib\ext;C:\WINDOWS\Sun\Java\lib\ext, sun.boot.class.path=C:\Program Files\Java\jdk1.8.0_161\jre\lib\resources.jar;C:\Program Files\Java\jdk1.8.0_161\jre\lib\rt.jar;C:\Program Files\Java\jdk1.8.0_161\jre\lib\sunrsasign.jar;C:\Program Files\Java\jdk1.8.0_161\jre\lib\jsse.jar;C:\Program Files\Java\jdk1.8.0_161\jre\lib\jce.jar;C:\Program Files\Java\jdk1.8.0_161\jre\lib\charsets.jar;C:\Program Files\Java\jdk1.8.0_161\jre\lib\jfr.jar;C:\Program Files\Java\jdk1.8.0_161\jre\classes, java.vendor=Oracle Corporation, org.gradle.test.worker=2, file.separator=\, java.vendor.url.bug=http://bugreport.sun.com/bugreport/, sun.io.unicode.encoding=UnicodeLittle, sun.cpu.endian=little, sun.desktop=windows, sun.cpu.isalist=amd64}}, SystemEnvironmentPropertySource@1520592712 {name='systemEnvironment', properties={USERDOMAIN_ROAMINGPROFILE=MUNNI-PC, PROCESSOR_LEVEL=6, SESSIONNAME=Console, ALLUSERSPROFILE=C:\ProgramData, PROCESSOR_ARCHITECTURE=AMD64, PSModulePath=;, SystemDrive=C:, =ExitCode=00000000, DIRNAME=C:\Users\Munni\Documents\Recipe-Site\, USERNAME=Munni, CMD_LINE_ARGS=stage, ProgramFiles(x86)=C:\Program Files (x86), APP_HOME=C:\Users\Munni\Documents\Recipe-Site\, PATHEXT=.COM;.EXE;.BAT;.CMD;.VBS;.VBE;.JS;.JSE;.WSF;.WSH;.MSC, DriverData=C:\Windows\System32\Drivers\DriverData, ProgramData=C:\ProgramData, ProgramW6432=C:\Program Files, HOMEPATH=\Users\Munni, PROCESSOR_IDENTIFIER=Intel64 Family 6 Model 94 Stepping 3, GenuineIntel, ProgramFiles=C:\Program Files, PUBLIC=C:\Users\Public, windir=C:\WINDOWS, =::=::\, _SKIP=2, LOCALAPPDATA=C:\Users\Munni\AppData\Local, USERDOMAIN=MUNNI-PC, LOGONSERVER=\\MUNNI-PC, JAVA_HOME=C:\Program Files\Java\jdk1.8.0_161, PROMPT=$P$G, OneDrive=C:\Users\Munni\OneDrive, =C:=C:\Users\Munni\Documents\Recipe-Site, APPDATA=C:\Users\Munni\AppData\Roaming, JAVA_EXE=C:\Program Files\Java\jdk1.8.0_161/bin/java.exe, VBOX_MSI_INSTALL_PATH=C:\Program Files\Oracle\VirtualBox\, CommonProgramFiles=C:\Program Files\Common Files, Path=C:\Program Files (x86)\Intel\Intel(R) Management Engine Components\iCLS\;C:\Program Files\Intel\Intel(R) Management Engine Components\iCLS\;C:\app\Munni\product\12.1.0\dbhome_3\bin;C:\app\Munni\product\12.1.0\dbhome_2\bin;C:\app\Munni\product\12.1.0\dbhome_1\bin;C:\Program Files\ImageMagick-7.0.3-Q16;C:\ProgramData\Oracle\Java\javapath;C:\WINDOWS\system32;C:\WINDOWS;C:\WINDOWS\System32\Wbem;C:\WINDOWS\System32\WindowsPowerShell\v1.0\;C:\Program Files (x86)\NVIDIA Corporation\PhysX\Common;C:\Python27;C:\WINDOWS\system32;C:\WINDOWS;C:\WINDOWS\System32\Wbem;C:\WINDOWS\System32\WindowsPowerShell\v1.0\;C:\PostgreSQL\pg96\bin;C:\Program Files\Java\jdk-9\bin;C:\WINDOWS\System32\OpenSSH\;C:\Program Files (x86)\Intel\Intel(R) Management Engine Components\DAL;C:\Program Files\Intel\Intel(R) Management Engine Components\DAL;C:\Program Files (x86)\Intel\Intel(R) Management Engine Components\IPT;C:\Program Files\Intel\Intel(R) Management Engine Components\IPT;C:\Program Files\Microsoft VS Code\bin;C:\Program Files\Java\jdk1.8.0_161\bin;C:\Program Files\Git\cmd;C:\Users\Munni\AppData\Local\Programs\Python\Python36\Scripts\;C:\Users\Munni\AppData\Local\Programs\Python\Python36\;C:\Program Files\Java\jdk-9\bin;C:\Users\Munni\AppData\Local\Microsoft\WindowsApps;C:\Users\Munni\AppData\Local\atom\bin;C:\Program Files\MySQL\MySQL Server 8.0\bin;C:\Program Files\Microsoft VS Code\bin;C:\Users\Munni\AppData\Local\Microsoft\WindowsApps;C:\Users\Munni\AppData\Local\GitHubDesktop\bin;C:\SQLite3;C:\Program Files\heroku\bin, OS=Windows_NT, COMPUTERNAME=MUNNI-PC, PROCESSOR_REVISION=5e03, CLASSPATH=C:\Users\Munni\Documents\Recipe-Site\\gradle\wrapper\gradle-wrapper.jar, CommonProgramW6432=C:\Program Files\Common Files, ComSpec=C:\WINDOWS\system32\cmd.exe, APP_BASE_NAME=gradlew, SystemRoot=C:\WINDOWS, TEMP=C:\Users\Munni\AppData\Local\Temp, HOMEDRIVE=C:, USERPROFILE=C:\Users\Munni, TMP=C:\Users\Munni\AppData\Local\Temp, CommonProgramFiles(x86)=C:\Program Files (x86)\Common Files, NUMBER_OF_PROCESSORS=8}}]
14:06:35.033 [Test worker] DEBUG org.springframework.web.servlet.mvc.method.annotation.RequestMappingHandlerMapping - Looking for request mappings in application context: org.springframework.test.web.servlet.setup.StubWebApplicationContext@1d524e5a
14:06:35.036 [Test worker] DEBUG org.springframework.web.servlet.mvc.method.annotation.RequestMappingHandlerMapping - 11 request handler methods found on class phan.recipesite.web.controller.RecipeController: {public java.lang.String phan.recipesite.web.controller.RecipeController.search(java.lang.String,org.springframework.ui.Model,org.springframework.security.core.Authentication)={[/recipes/search],methods=[GET]}, public java.lang.String phan.recipesite.web.controller.RecipeController.formNewRecipe(org.springframework.ui.Model)={[/recipes/add],methods=[GET]}, public java.lang.String phan.recipesite.web.controller.RecipeController.addRecipe(phan.recipesite.model.Recipe,org.springframework.web.multipart.MultipartFile,org.springframework.validation.BindingResult,org.springframework.web.servlet.mvc.support.RedirectAttributes,org.springframework.security.core.Authentication)={[/recipes],methods=[POST]}, public java.lang.String phan.recipesite.web.controller.RecipeController.editRecipeForm(java.lang.Long,org.springframework.ui.Model,org.springframework.web.servlet.mvc.support.RedirectAttributes,org.springframework.security.core.Authentication,javax.servlet.http.HttpServletRequest)={[/recipes/{id}/edit],methods=[GET]}, public java.lang.String phan.recipesite.web.controller.RecipeController.editRecipe(phan.recipesite.model.Recipe,org.springframework.validation.BindingResult,org.springframework.web.multipart.MultipartFile,org.springframework.web.servlet.mvc.support.RedirectAttributes,org.springframework.security.core.Authentication)={[/recipes/{id}],methods=[POST]}, public java.lang.String phan.recipesite.web.controller.RecipeController.deleteRecipe(java.lang.Long,phan.recipesite.model.User,org.springframework.validation.BindingResult,org.springframework.web.servlet.mvc.support.RedirectAttributes,org.springframework.security.core.Authentication,javax.servlet.http.HttpServletRequest)={[/recipes/{id}/delete],methods=[POST]}, public byte[] phan.recipesite.web.controller.RecipeController.recipeImage(java.lang.Long)={[/recipes/image/{imageId}],methods=[GET],produces=[image/png]}, public java.lang.String phan.recipesite.web.controller.RecipeController.recipesIndex(org.springframework.ui.Model,org.springframework.security.core.Authentication)={[/],methods=[GET]}, public java.lang.String phan.recipesite.web.controller.RecipeController.favoriteRecipe(java.lang.Long,org.springframework.ui.Model,javax.servlet.http.HttpServletRequest,org.springframework.security.core.Authentication)={[/recipes/{id}/favorite],methods=[POST]}, public java.lang.String phan.recipesite.web.controller.RecipeController.recipeDetails(java.lang.Long,org.springframework.ui.Model)={[/details/{id}],methods=[GET]}, public java.lang.String phan.recipesite.web.controller.RecipeController.recipesByCategory(phan.recipesite.model.Category,org.springframework.ui.Model,org.springframework.security.core.Authentication)={[/recipes/category/{category}],methods=[GET]}}
14:06:35.037 [Test worker] INFO org.springframework.web.servlet.mvc.method.annotation.RequestMappingHandlerMapping - Mapped "{[/recipes/search],methods=[GET]}" onto public java.lang.String phan.recipesite.web.controller.RecipeController.search(java.lang.String,org.springframework.ui.Model,org.springframework.security.core.Authentication)
14:06:35.037 [Test worker] INFO org.springframework.web.servlet.mvc.method.annotation.RequestMappingHandlerMapping - Mapped "{[/recipes/add],methods=[GET]}" onto public java.lang.String phan.recipesite.web.controller.RecipeController.formNewRecipe(org.springframework.ui.Model)
14:06:35.037 [Test worker] INFO org.springframework.web.servlet.mvc.method.annotation.RequestMappingHandlerMapping - Mapped "{[/recipes],methods=[POST]}" onto public java.lang.String phan.recipesite.web.controller.RecipeController.addRecipe(phan.recipesite.model.Recipe,org.springframework.web.multipart.MultipartFile,org.springframework.validation.BindingResult,org.springframework.web.servlet.mvc.support.RedirectAttributes,org.springframework.security.core.Authentication)
14:06:35.037 [Test worker] INFO org.springframework.web.servlet.mvc.method.annotation.RequestMappingHandlerMapping - Mapped "{[/recipes/{id}/edit],methods=[GET]}" onto public java.lang.String phan.recipesite.web.controller.RecipeController.editRecipeForm(java.lang.Long,org.springframework.ui.Model,org.springframework.web.servlet.mvc.support.RedirectAttributes,org.springframework.security.core.Authentication,javax.servlet.http.HttpServletRequest)
14:06:35.038 [Test worker] INFO org.springframework.web.servlet.mvc.method.annotation.RequestMappingHandlerMapping - Mapped "{[/recipes/{id}],methods=[POST]}" onto public java.lang.String phan.recipesite.web.controller.RecipeController.editRecipe(phan.recipesite.model.Recipe,org.springframework.validation.BindingResult,org.springframework.web.multipart.MultipartFile,org.springframework.web.servlet.mvc.support.RedirectAttributes,org.springframework.security.core.Authentication)
14:06:35.038 [Test worker] INFO org.springframework.web.servlet.mvc.method.annotation.RequestMappingHandlerMapping - Mapped "{[/recipes/{id}/delete],methods=[POST]}" onto public java.lang.String phan.recipesite.web.controller.RecipeController.deleteRecipe(java.lang.Long,phan.recipesite.model.User,org.springframework.validation.BindingResult,org.springframework.web.servlet.mvc.support.RedirectAttributes,org.springframework.security.core.Authentication,javax.servlet.http.HttpServletRequest)
14:06:35.038 [Test worker] INFO org.springframework.web.servlet.mvc.method.annotation.RequestMappingHandlerMapping - Mapped "{[/recipes/image/{imageId}],methods=[GET],produces=[image/png]}" onto public byte[] phan.recipesite.web.controller.RecipeController.recipeImage(java.lang.Long)
14:06:35.038 [Test worker] INFO org.springframework.web.servlet.mvc.method.annotation.RequestMappingHandlerMapping - Mapped "{[/],methods=[GET]}" onto public java.lang.String phan.recipesite.web.controller.RecipeController.recipesIndex(org.springframework.ui.Model,org.springframework.security.core.Authentication)
14:06:35.039 [Test worker] INFO org.springframework.web.servlet.mvc.method.annotation.RequestMappingHandlerMapping - Mapped "{[/recipes/{id}/favorite],methods=[POST]}" onto public java.lang.String phan.recipesite.web.controller.RecipeController.favoriteRecipe(java.lang.Long,org.springframework.ui.Model,javax.servlet.http.HttpServletRequest,org.springframework.security.core.Authentication)
14:06:35.039 [Test worker] INFO org.springframework.web.servlet.mvc.method.annotation.RequestMappingHandlerMapping - Mapped "{[/details/{id}],methods=[GET]}" onto public java.lang.String phan.recipesite.web.controller.RecipeController.recipeDetails(java.lang.Long,org.springframework.ui.Model)
14:06:35.039 [Test worker] INFO org.springframework.web.servlet.mvc.method.annotation.RequestMappingHandlerMapping - Mapped "{[/recipes/category/{category}],methods=[GET]}" onto public java.lang.String phan.recipesite.web.controller.RecipeController.recipesByCategory(phan.recipesite.model.Category,org.springframework.ui.Model,org.springframework.security.core.Authentication)
14:06:35.043 [Test worker] DEBUG org.hibernate.validator.internal.engine.resolver.DefaultTraversableResolver - Found javax.persistence.Persistence on classpath containing 'getPersistenceUtil'. Assuming JPA 2 environment. Trying to instantiate JPA aware TraversableResolver
14:06:35.043 [Test worker] DEBUG org.hibernate.validator.internal.engine.resolver.DefaultTraversableResolver - Instantiated JPA aware TraversableResolver of type org.hibernate.validator.internal.engine.resolver.JPATraversableResolver.
14:06:35.043 [Test worker] DEBUG org.hibernate.validator.internal.engine.ConfigurationImpl - Setting custom MessageInterpolator of type org.springframework.validation.beanvalidation.LocaleContextMessageInterpolator
14:06:35.043 [Test worker] DEBUG org.hibernate.validator.internal.engine.ConfigurationImpl - Setting custom ParameterNameProvider of type org.springframework.validation.beanvalidation.LocalValidatorFactoryBean$1
14:06:35.043 [Test worker] DEBUG org.hibernate.validator.internal.xml.ValidationXmlParser - Trying to load META-INF/validation.xml for XML based Validator configuration.
14:06:35.043 [Test worker] DEBUG org.hibernate.validator.internal.xml.ResourceLoaderHelper - Trying to load META-INF/validation.xml via TCCL
14:06:35.043 [Test worker] DEBUG org.hibernate.validator.internal.xml.ResourceLoaderHelper - Trying to load META-INF/validation.xml via Hibernate Validator's class loader
14:06:35.044 [Test worker] DEBUG org.hibernate.validator.internal.xml.ValidationXmlParser - No META-INF/validation.xml found. Using annotation based configuration only.
14:06:35.046 [Test worker] INFO org.springframework.web.servlet.mvc.method.annotation.RequestMappingHandlerAdapter - Looking for @ControllerAdvice: org.springframework.test.web.servlet.setup.StubWebApplicationContext@1d524e5a
14:06:35.047 [Test worker] DEBUG org.springframework.web.servlet.mvc.method.annotation.ExceptionHandlerExceptionResolver - Looking for exception mappings: org.springframework.test.web.servlet.setup.StubWebApplicationContext@1d524e5a
14:06:35.047 [Test worker] DEBUG org.springframework.test.web.servlet.TestDispatcherServlet - Initializing servlet ''
14:06:35.047 [Test worker] INFO org.springframework.mock.web.MockServletContext - Initializing Spring FrameworkServlet ''
14:06:35.047 [Test worker] INFO org.springframework.test.web.servlet.TestDispatcherServlet - FrameworkServlet '': initialization started
14:06:35.047 [Test worker] DEBUG org.springframework.test.web.servlet.TestDispatcherServlet - Unable to locate MultipartResolver with name 'multipartResolver': no multipart request handling provided
14:06:35.048 [Test worker] DEBUG org.springframework.test.web.servlet.TestDispatcherServlet - Using LocaleResolver [org.springframework.web.servlet.i18n.AcceptHeaderLocaleResolver@5106f9cd]
14:06:35.048 [Test worker] DEBUG org.springframework.test.web.servlet.TestDispatcherServlet - Using ThemeResolver [org.springframework.web.servlet.theme.FixedThemeResolver@7c71c56a]
14:06:35.048 [Test worker] DEBUG org.springframework.test.web.servlet.TestDispatcherServlet - Using RequestToViewNameTranslator [org.springframework.web.servlet.view.DefaultRequestToViewNameTranslator@70569e6e]
14:06:35.048 [Test worker] DEBUG org.springframework.test.web.servlet.TestDispatcherServlet - Using FlashMapManager [org.springframework.web.servlet.support.SessionFlashMapManager@3d355368]
14:06:35.048 [Test worker] DEBUG org.springframework.test.web.servlet.TestDispatcherServlet - Published WebApplicationContext of servlet '' as ServletContext attribute with name [org.springframework.web.servlet.FrameworkServlet.CONTEXT.]
14:06:35.048 [Test worker] INFO org.springframework.test.web.servlet.TestDispatcherServlet - FrameworkServlet '': initialization completed in 1 ms
14:06:35.048 [Test worker] DEBUG org.springframework.test.web.servlet.TestDispatcherServlet - Servlet '' configured successfully
14:06:35.048 [Test worker] DEBUG org.springframework.test.web.servlet.TestDispatcherServlet - DispatcherServlet with name '' processing GET request for [/recipes/add]
14:06:35.048 [Test worker] DEBUG org.springframework.web.servlet.mvc.method.annotation.RequestMappingHandlerMapping - Looking up handler method for path /recipes/add
14:06:35.048 [Test worker] DEBUG org.springframework.web.servlet.mvc.method.annotation.RequestMappingHandlerMapping - Returning handler method [public java.lang.String phan.recipesite.web.controller.RecipeController.formNewRecipe(org.springframework.ui.Model)]
14:06:35.048 [Test worker] DEBUG org.springframework.test.web.servlet.TestDispatcherServlet - Last-Modified value for [/recipes/add] is: -1
14:06:35.056 [Test worker] DEBUG org.springframework.test.web.servlet.TestDispatcherServlet - Rendering view [org.springframework.web.servlet.view.InternalResourceView: unnamed; URL [recipeForm]] in DispatcherServlet with name ''
14:06:35.056 [Test worker] DEBUG org.springframework.web.servlet.view.InternalResourceView - Added model object 'recipe' of type [phan.recipesite.model.Recipe] to request in view with name 'null'
14:06:35.056 [Test worker] DEBUG org.springframework.web.servlet.view.InternalResourceView - Added model object 'action' of type [java.lang.String] to request in view with name 'null'
[...]
dules-2\files-2.1\org.unbescape\unbescape\1.1.5.RELEASE\46dc644ea9c234317d926ebac5bf5d8f114dc1ba\unbescape-1.1.5.RELEASE.jar;C:\Users\Munni\.gradle\caches\modules-2\files-2.1\com.fasterxml.jackson.core\jackson-core\2.9.4\a9a71ec1aa37da47db168fede9a4a5fb5e374320\jackson-core-2.9.4.jar;C:\Users\Munni\.gradle\caches\modules-2\files-2.1\org.atteo\evo-inflector\1.2.2\2551aad98d65ac5464d81fe05f0e1516cfe471c9\evo-inflector-1.2.2.jar;C:\Users\Munni\.gradle\caches\modules-2\files-2.1\net.minidev\accessors-smart\1.2\c592b500269bfde36096641b01238a8350f8aa31\accessors-smart-1.2.jar;C:\Users\Munni\.gradle\caches\modules-2\files-2.1\ch.qos.logback\logback-core\1.2.3\864344400c3d4d92dfeb0a305dc87d953677c03c\logback-core-1.2.3.jar;C:\Users\Munni\.gradle\caches\modules-2\files-2.1\org.apache.logging.log4j\log4j-api\2.10.0\fec5797a55b786184a537abd39c3fa1449d752d6\log4j-api-2.10.0.jar;C:\Users\Munni\.gradle\caches\modules-2\files-2.1\org.ow2.asm\asm\5.0.4\da08b8cce7bbf903602a25a3a163ae252435795\asm-5.0.4.jar, user.name=Munni, java.vm.specification.version=1.8, sun.java.command=worker.org.gradle.process.internal.worker.GradleWorkerMain 'Gradle Test Executor 2', java.home=C:\Program Files\Java\jdk1.8.0_161\jre, sun.arch.data.model=64, user.language=en, java.specification.vendor=Oracle Corporation, awt.toolkit=sun.awt.windows.WToolkit, java.vm.info=mixed mode, java.version=1.8.0_161, java.ext.dirs=C:\Program Files\Java\jdk1.8.0_161\jre\lib\ext;C:\WINDOWS\Sun\Java\lib\ext, sun.boot.class.path=C:\Program Files\Java\jdk1.8.0_161\jre\lib\resources.jar;C:\Program Files\Java\jdk1.8.0_161\jre\lib\rt.jar;C:\Program Files\Java\jdk1.8.0_161\jre\lib\sunrsasign.jar;C:\Program Files\Java\jdk1.8.0_161\jre\lib\jsse.jar;C:\Program Files\Java\jdk1.8.0_161\jre\lib\jce.jar;C:\Program Files\Java\jdk1.8.0_161\jre\lib\charsets.jar;C:\Program Files\Java\jdk1.8.0_161\jre\lib\jfr.jar;C:\Program Files\Java\jdk1.8.0_161\jre\classes, java.vendor=Oracle Corporation, org.gradle.test.worker=2, file.separator=\, java.vendor.url.bug=http://bugreport.sun.com/bugreport/, sun.io.unicode.encoding=UnicodeLittle, sun.cpu.endian=little, sun.desktop=windows, sun.cpu.isalist=amd64}}, SystemEnvironmentPropertySource@1828128309 {name='systemEnvironment', properties={USERDOMAIN_ROAMINGPROFILE=MUNNI-PC, PROCESSOR_LEVEL=6, SESSIONNAME=Console, ALLUSERSPROFILE=C:\ProgramData, PROCESSOR_ARCHITECTURE=AMD64, PSModulePath=;, SystemDrive=C:, =ExitCode=00000000, DIRNAME=C:\Users\Munni\Documents\Recipe-Site\, USERNAME=Munni, CMD_LINE_ARGS=stage, ProgramFiles(x86)=C:\Program Files (x86), APP_HOME=C:\Users\Munni\Documents\Recipe-Site\, PATHEXT=.COM;.EXE;.BAT;.CMD;.VBS;.VBE;.JS;.JSE;.WSF;.WSH;.MSC, DriverData=C:\Windows\System32\Drivers\DriverData, ProgramData=C:\ProgramData, ProgramW6432=C:\Program Files, HOMEPATH=\Users\Munni, PROCESSOR_IDENTIFIER=Intel64 Family 6 Model 94 Stepping 3, GenuineIntel, ProgramFiles=C:\Program Files, PUBLIC=C:\Users\Public, windir=C:\WINDOWS, =::=::\, _SKIP=2, LOCALAPPDATA=C:\Users\Munni\AppData\Local, USERDOMAIN=MUNNI-PC, LOGONSERVER=\\MUNNI-PC, JAVA_HOME=C:\Program Files\Java\jdk1.8.0_161, PROMPT=$P$G, OneDrive=C:\Users\Munni\OneDrive, =C:=C:\Users\Munni\Documents\Recipe-Site, APPDATA=C:\Users\Munni\AppData\Roaming, JAVA_EXE=C:\Program Files\Java\jdk1.8.0_161/bin/java.exe, VBOX_MSI_INSTALL_PATH=C:\Program Files\Oracle\VirtualBox\, CommonProgramFiles=C:\Program Files\Common Files, Path=C:\Program Files (x86)\Intel\Intel(R) Management Engine Components\iCLS\;C:\Program Files\Intel\Intel(R) Management Engine Components\iCLS\;C:\app\Munni\product\12.1.0\dbhome_3\bin;C:\app\Munni\product\12.1.0\dbhome_2\bin;C:\app\Munni\product\12.1.0\dbhome_1\bin;C:\Program Files\ImageMagick-7.0.3-Q16;C:\ProgramData\Oracle\Java\javapath;C:\WINDOWS\system32;C:\WINDOWS;C:\WINDOWS\System32\Wbem;C:\WINDOWS\System32\WindowsPowerShell\v1.0\;C:\Program Files (x86)\NVIDIA Corporation\PhysX\Common;C:\Python27;C:\WINDOWS\system32;C:\WINDOWS;C:\WINDOWS\System32\Wbem;C:\WINDOWS\System32\WindowsPowerShell\v1.0\;C:\PostgreSQL\pg96\bin;C:\Program Files\Java\jdk-9\bin;C:\WINDOWS\System32\OpenSSH\;C:\Program Files (x86)\Intel\Intel(R) Management Engine Components\DAL;C:\Program Files\Intel\Intel(R) Management Engine Components\DAL;C:\Program Files (x86)\Intel\Intel(R) Management Engine Components\IPT;C:\Program Files\Intel\Intel(R) Management Engine Components\IPT;C:\Program Files\Microsoft VS Code\bin;C:\Program Files\Java\jdk1.8.0_161\bin;C:\Program Files\Git\cmd;C:\Users\Munni\AppData\Local\Programs\Python\Python36\Scripts\;C:\Users\Munni\AppData\Local\Programs\Python\Python36\;C:\Program Files\Java\jdk-9\bin;C:\Users\Munni\AppData\Local\Microsoft\WindowsApps;C:\Users\Munni\AppData\Local\atom\bin;C:\Program Files\MySQL\MySQL Server 8.0\bin;C:\Program Files\Microsoft VS Code\bin;C:\Users\Munni\AppData\Local\Microsoft\WindowsApps;C:\Users\Munni\AppData\Local\GitHubDesktop\bin;C:\SQLite3;C:\Program Files\heroku\bin, OS=Windows_NT, COMPUTERNAME=MUNNI-PC, PROCESSOR_REVISION=5e03, CLASSPATH=C:\Users\Munni\Documents\Recipe-Site\\gradle\wrapper\gradle-wrapper.jar, CommonProgramW6432=C:\Program Files\Common Files, ComSpec=C:\WINDOWS\system32\cmd.exe, APP_BASE_NAME=gradlew, SystemRoot=C:\WINDOWS, TEMP=C:\Users\Munni\AppData\Local\Temp, HOMEDRIVE=C:, USERPROFILE=C:\Users\Munni, TMP=C:\Users\Munni\AppData\Local\Temp, CommonProgramFiles(x86)=C:\Program Files (x86)\Common Files, NUMBER_OF_PROCESSORS=8}}]
14:06:35.318 [Test worker] DEBUG org.springframework.web.servlet.mvc.method.annotation.RequestMappingHandlerMapping - Looking for request mappings in application context: org.springframework.test.web.servlet.setup.StubWebApplicationContext@3831086b
14:06:35.320 [Test worker] DEBUG org.springframework.web.servlet.mvc.method.annotation.RequestMappingHandlerMapping - 11 request handler methods found on class phan.recipesite.web.controller.RecipeController: {public java.lang.String phan.recipesite.web.controller.RecipeController.search(java.lang.String,org.springframework.ui.Model,org.springframework.security.core.Authentication)={[/recipes/search],methods=[GET]}, public java.lang.String phan.recipesite.web.controller.RecipeController.formNewRecipe(org.springframework.ui.Model)={[/recipes/add],methods=[GET]}, public java.lang.String phan.recipesite.web.controller.RecipeController.addRecipe(phan.recipesite.model.Recipe,org.springframework.web.multipart.MultipartFile,org.springframework.validation.BindingResult,org.springframework.web.servlet.mvc.support.RedirectAttributes,org.springframework.security.core.Authentication)={[/recipes],methods=[POST]}, public java.lang.String phan.recipesite.web.controller.RecipeController.editRecipeForm(java.lang.Long,org.springframework.ui.Model,org.springframework.web.servlet.mvc.support.RedirectAttributes,org.springframework.security.core.Authentication,javax.servlet.http.HttpServletRequest)={[/recipes/{id}/edit],methods=[GET]}, public java.lang.String phan.recipesite.web.controller.RecipeController.editRecipe(phan.recipesite.model.Recipe,org.springframework.validation.BindingResult,org.springframework.web.multipart.MultipartFile,org.springframework.web.servlet.mvc.support.RedirectAttributes,org.springframework.security.core.Authentication)={[/recipes/{id}],methods=[POST]}, public java.lang.String phan.recipesite.web.controller.RecipeController.deleteRecipe(java.lang.Long,phan.recipesite.model.User,org.springframework.validation.BindingResult,org.springframework.web.servlet.mvc.support.RedirectAttributes,org.springframework.security.core.Authentication,javax.servlet.http.HttpServletRequest)={[/recipes/{id}/delete],methods=[POST]}, public byte[] phan.recipesite.web.controller.RecipeController.recipeImage(java.lang.Long)={[/recipes/image/{imageId}],methods=[GET],produces=[image/png]}, public java.lang.String phan.recipesite.web.controller.RecipeController.recipesIndex(org.springframework.ui.Model,org.springframework.security.core.Authentication)={[/],methods=[GET]}, public java.lang.String phan.recipesite.web.controller.RecipeController.favoriteRecipe(java.lang.Long,org.springframework.ui.Model,javax.servlet.http.HttpServletRequest,org.springframework.security.core.Authentication)={[/recipes/{id}/favorite],methods=[POST]}, public java.lang.String phan.recipesite.web.controller.RecipeController.recipeDetails(java.lang.Long,org.springframework.ui.Model)={[/details/{id}],methods=[GET]}, public java.lang.String phan.recipesite.web.controller.RecipeController.recipesByCategory(phan.recipesite.model.Category,org.springframework.ui.Model,org.springframework.security.core.Authentication)={[/recipes/category/{category}],methods=[GET]}}
14:06:35.321 [Test worker] INFO org.springframework.web.servlet.mvc.method.annotation.RequestMappingHandlerMapping - Mapped "{[/recipes/search],methods=[GET]}" onto public java.lang.String phan.recipesite.web.controller.RecipeController.search(java.lang.String,org.springframework.ui.Model,org.springframework.security.core.Authentication)
14:06:35.321 [Test worker] INFO org.springframework.web.servlet.mvc.method.annotation.RequestMappingHandlerMapping - Mapped "{[/recipes/add],methods=[GET]}" onto public java.lang.String phan.recipesite.web.controller.RecipeController.formNewRecipe(org.springframework.ui.Model)
14:06:35.321 [Test worker] INFO org.springframework.web.servlet.mvc.method.annotation.RequestMappingHandlerMapping - Mapped "{[/recipes],methods=[POST]}" onto public java.lang.String phan.recipesite.web.controller.RecipeController.addRecipe(phan.recipesite.model.Recipe,org.springframework.web.multipart.MultipartFile,org.springframework.validation.BindingResult,org.springframework.web.servlet.mvc.support.RedirectAttributes,org.springframework.security.core.Authentication)
14:06:35.321 [Test worker] INFO org.springframework.web.servlet.mvc.method.annotation.RequestMappingHandlerMapping - Mapped "{[/recipes/{id}/edit],methods=[GET]}" onto public java.lang.String phan.recipesite.web.controller.RecipeController.editRecipeForm(java.lang.Long,org.springframework.ui.Model,org.springframework.web.servlet.mvc.support.RedirectAttributes,org.springframework.security.core.Authentication,javax.servlet.http.HttpServletRequest)
14:06:35.322 [Test worker] INFO org.springframework.web.servlet.mvc.method.annotation.RequestMappingHandlerMapping - Mapped "{[/recipes/{id}],methods=[POST]}" onto public java.lang.String phan.recipesite.web.controller.RecipeController.editRecipe(phan.recipesite.model.Recipe,org.springframework.validation.BindingResult,org.springframework.web.multipart.MultipartFile,org.springframework.web.servlet.mvc.support.RedirectAttributes,org.springframework.security.core.Authentication)
14:06:35.322 [Test worker] INFO org.springframework.web.servlet.mvc.method.annotation.RequestMappingHandlerMapping - Mapped "{[/recipes/{id}/delete],methods=[POST]}" onto public java.lang.String phan.recipesite.web.controller.RecipeController.deleteRecipe(java.lang.Long,phan.recipesite.model.User,org.springframework.validation.BindingResult,org.springframework.web.servlet.mvc.support.RedirectAttributes,org.springframework.security.core.Authentication,javax.servlet.http.HttpServletRequest)
14:06:35.322 [Test worker] INFO org.springframework.web.servlet.mvc.method.annotation.RequestMappingHandlerMapping - Mapped "{[/recipes/image/{imageId}],methods=[GET],produces=[image/png]}" onto public byte[] phan.recipesite.web.controller.RecipeController.recipeImage(java.lang.Long)
14:06:35.322 [Test worker] INFO org.springframework.web.servlet.mvc.method.annotation.RequestMappingHandlerMapping - Mapped "{[/],methods=[GET]}" onto public java.lang.String phan.recipesite.web.controller.RecipeController.recipesIndex(org.springframework.ui.Model,org.springframework.security.core.Authentication)
14:06:35.322 [Test worker] INFO org.springframework.web.servlet.mvc.method.annotation.RequestMappingHandlerMapping - Mapped "{[/recipes/{id}/favorite],methods=[POST]}" onto public java.lang.String phan.recipesite.web.controller.RecipeController.favoriteRecipe(java.lang.Long,org.springframework.ui.Model,javax.servlet.http.HttpServletRequest,org.springframework.security.core.Authentication)
14:06:35.323 [Test worker] INFO org.springframework.web.servlet.mvc.method.annotation.RequestMappingHandlerMapping - Mapped "{[/details/{id}],methods=[GET]}" onto public java.lang.String phan.recipesite.web.controller.RecipeController.recipeDetails(java.lang.Long,org.springframework.ui.Model)
14:06:35.323 [Test worker] INFO org.springframework.web.servlet.mvc.method.annotation.RequestMappingHandlerMapping - Mapped "{[/recipes/category/{category}],methods=[GET]}" onto public java.lang.String phan.recipesite.web.controller.RecipeController.recipesByCategory(phan.recipesite.model.Category,org.springframework.ui.Model,org.springframework.security.core.Authentication)
14:06:35.327 [Test worker] DEBUG org.hibernate.validator.internal.engine.resolver.DefaultTraversableResolver - Found javax.persistence.Persistence on classpath containing 'getPersistenceUtil'. Assuming JPA 2 environment. Trying to instantiate JPA aware TraversableResolver
14:06:35.327 [Test worker] DEBUG org.hibernate.validator.internal.engine.resolver.DefaultTraversableResolver - Instantiated JPA aware TraversableResolver of type org.hibernate.validator.internal.engine.resolver.JPATraversableResolver.
14:06:35.327 [Test worker] DEBUG org.hibernate.validator.internal.engine.ConfigurationImpl - Setting custom MessageInterpolator of type org.springframework.validation.beanvalidation.LocaleContextMessageInterpolator
14:06:35.327 [Test worker] DEBUG org.hibernate.validator.internal.engine.ConfigurationImpl - Setting custom ParameterNameProvider of type org.springframework.validation.beanvalidation.LocalValidatorFactoryBean$1
14:06:35.327 [Test worker] DEBUG org.hibernate.validator.internal.xml.ValidationXmlParser - Trying to load META-INF/validation.xml for XML based Validator configuration.
14:06:35.327 [Test worker] DEBUG org.hibernate.validator.internal.xml.ResourceLoaderHelper - Trying to load META-INF/validation.xml via TCCL
14:06:35.328 [Test worker] DEBUG org.hibernate.validator.internal.xml.ResourceLoaderHelper - Trying to load META-INF/validation.xml via Hibernate Validator's class loader
14:06:35.328 [Test worker] DEBUG org.hibernate.validator.internal.xml.ValidationXmlParser - No META-INF/validation.xml found. Using annotation based configuration only.
14:06:35.330 [Test worker] INFO org.springframework.web.servlet.mvc.method.annotation.RequestMappingHandlerAdapter - Looking for @ControllerAdvice: org.springframework.test.web.servlet.setup.StubWebApplicationContext@3831086b
14:06:35.332 [Test worker] DEBUG org.springframework.web.servlet.mvc.method.annotation.ExceptionHandlerExceptionResolver - Looking for exception mappings: org.springframework.test.web.servlet.setup.StubWebApplicationContext@3831086b
14:06:35.332 [Test worker] DEBUG org.springframework.test.web.servlet.TestDispatcherServlet - Initializing servlet ''
14:06:35.332 [Test worker] INFO org.springframework.mock.web.MockServletContext - Initializing Spring FrameworkServlet ''
14:06:35.333 [Test worker] INFO org.springframework.test.web.servlet.TestDispatcherServlet - FrameworkServlet '': initialization started
14:06:35.333 [Test worker] DEBUG org.springframework.test.web.servlet.TestDispatcherServlet - Unable to locate MultipartResolver with name 'multipartResolver': no multipart request handling provided
14:06:35.333 [Test worker] DEBUG org.springframework.test.web.servlet.TestDispatcherServlet - Using LocaleResolver [org.springframework.web.servlet.i18n.AcceptHeaderLocaleResolver@341bd684]
14:06:35.333 [Test worker] DEBUG org.springframework.test.web.servlet.TestDispatcherServlet - Using ThemeResolver [org.springframework.web.servlet.theme.FixedThemeResolver@5b59827d]
14:06:35.333 [Test worker] DEBUG org.springframework.test.web.servlet.TestDispatcherServlet - Using RequestToViewNameTranslator [org.springframework.web.servlet.view.DefaultRequestToViewNameTranslator@73cb746d]
14:06:35.333 [Test worker] DEBUG org.springframework.test.web.servlet.TestDispatcherServlet - Using FlashMapManager [org.springframework.web.servlet.support.SessionFlashMapManager@27306331]
14:06:35.333 [Test worker] DEBUG org.springframework.test.web.servlet.TestDispatcherServlet - Published WebApplicationContext of servlet '' as ServletContext attribute with name [org.springframework.web.servlet.FrameworkServlet.CONTEXT.]
14:06:35.333 [Test worker] INFO org.springframework.test.web.servlet.TestDispatcherServlet - FrameworkServlet '': initialization completed in 0 ms
14:06:35.333 [Test worker] DEBUG org.springframework.test.web.servlet.TestDispatcherServlet - Servlet '' configured successfully
14:06:35.333 [Test worker] DEBUG org.springframework.security.web.context.HttpSessionSecurityContextRepository - No HttpSession currently exists
14:06:35.333 [Test worker] DEBUG org.springframework.security.web.context.HttpSessionSecurityContextRepository - No SecurityContext was available from the HttpSession: null. A new one will be created.
14:06:35.333 [Test worker] DEBUG org.springframework.security.web.context.HttpSessionSecurityContextRepository - HttpSession being created as SecurityContext is non-default
14:06:35.333 [Test worker] DEBUG org.springframework.security.web.context.HttpSessionSecurityContextRepository - SecurityContext 'org.springframework.security.core.context.SecurityContextImpl@a32356d: Authentication: org.springframework.security.authentication.UsernamePasswordAuthenticationToken@a32356d: Principal: org.springframework.security.core.userdetails.User@6a68dc6: Username: user1; Password: [PROTECTED]; Enabled: true; AccountNonExpired: true; credentialsNonExpired: true; AccountNonLocked: true; Granted Authorities: ROLE_USER; Credentials: [PROTECTED]; Authenticated: true; Details: null; Granted Authorities: ROLE_USER' stored to HttpSession: 'org.springframework.mock.web.MockHttpSession@4df53ea5
14:06:35.333 [Test worker] DEBUG org.springframework.test.web.servlet.TestDispatcherServlet - DispatcherServlet with name '' processing GET request for [/]
14:06:35.333 [Test worker] DEBUG org.springframework.web.servlet.mvc.method.annotation.RequestMappingHandlerMapping - Looking up handler method for path /
14:06:35.333 [Test worker] DEBUG org.springframework.web.servlet.mvc.method.annotation.RequestMappingHandlerMapping - Returning handler method [public java.lang.String phan.recipesite.web.controller.RecipeController.recipesIndex(org.springframework.ui.Model,org.springframework.security.core.Authentication)]
14:06:35.334 [Test worker] DEBUG org.springframework.test.web.servlet.TestDispatcherServlet - Last-Modified value for [/] is: -1
14:06:35.334 [Test worker] DEBUG org.springframework.test.web.servlet.TestDispatcherServlet - Rendering view [org.springframework.web.servlet.view.InternalResourceView: unnamed; URL [index]] in DispatcherServlet with name ''
14:06:35.334 [Test worker] DEBUG org.springframework.web.servlet.view.InternalResourceView - Added model object 'recipes' of type [java.util.Arrays$ArrayList] to request in view with name 'null'
14:06:35.334 [Test worker] DEBUG org.springframework.web.servlet.view.InternalResourceView - Added model object 'categories' of type [java.util.LinkedList] to request in view with name 'null'
14:06:35.334 [Test worker] DEBUG org.springframework.web.servlet.view.InternalResourceView - Added model object 'selectedCategory' of type [phan.recipesite.model.Category] to request in view with name 'null'
14:06:35.334 [Test worker] DEBUG org.springframework.web.servlet.view.InternalResourceView - Forwarding to resource [index] in InternalResourceView 'null'
14:06:35.334 [Test worker] DEBUG org.springframework.mock.web.MockRequestDispatcher - MockRequestDispatcher: forwarding to [index]
14:06:35.334 [Test worker] DEBUG org.springframework.test.web.servlet.TestDispatcherServlet - Successfully completed request
]]></system-out>
  <system-err><![CDATA[]]></system-err>
</testsuite>
